[ 2017-03-24T14:47:29+08:00 ] 127.0.0.1 /enroll_test/Vote/votepage.html
INFO: [ app_init ] --START--
INFO: Run Behavior\BuildLiteBehavior [ RunTime:0.000021s ]
INFO: [ app_init ] --END-- [ RunTime:0.000654s ]
INFO: [ app_begin ] --START--
INFO: Run Behavior\ReadHtmlCacheBehavior [ RunTime:0.000931s ]
INFO: [ app_begin ] --END-- [ RunTime:0.001010s ]
NOTIC: [8192] mysql_connect(): The mysql extension is deprecated and will be removed in the future: use mysqli or PDO instead D:\XAMPP\htdocs\Zst\enroll_test\ThinkPHP\Library\Think\Db\Driver\Mysql.class.php 第 52 行.
SQL: SHOW COLUMNS FROM `common` [ RunTime:0.003466s ]
ERR: 1146:Table 'enroll_test.common' doesn't exist
 [ SQL语句 ] : SHOW COLUMNS FROM `common`
SQL: SHOW COLUMNS FROM `project` [ RunTime:0.004502s ]
SQL: SELECT COUNT(*) AS tp_count FROM `project` WHERE ( type = 1 AND del = 0 ) LIMIT 1   [ RunTime:0.000502s ]
SQL: SELECT * FROM `project` WHERE ( type = 1 AND del = 0 ) ORDER BY dateline DESC LIMIT 0,15   [ RunTime:0.000504s ]
INFO: [ view_parse ] --START--
INFO: [ template_filter ] --START--
INFO: Run Behavior\ContentReplaceBehavior [ RunTime:0.000136s ]
INFO: [ template_filter ] --END-- [ RunTime:0.000325s ]
NOTIC: [8] Undefined variable: registerClass D:\XAMPP\htdocs\Zst\enroll_test\Application\Runtime\Cache\Home\6b313d90ed3303feafeaa779823361c3.php 第 36 行.
NOTIC: [8] Undefined variable: researchClass D:\XAMPP\htdocs\Zst\enroll_test\Application\Runtime\Cache\Home\6b313d90ed3303feafeaa779823361c3.php 第 39 行.
NOTIC: [8] Use of undefined constant id - assumed 'id' D:\XAMPP\htdocs\Zst\enroll_test\Application\Runtime\Cache\Home\6b313d90ed3303feafeaa779823361c3.php 第 86 行.
NOTIC: [8] Use of undefined constant id - assumed 'id' D:\XAMPP\htdocs\Zst\enroll_test\Application\Runtime\Cache\Home\6b313d90ed3303feafeaa779823361c3.php 第 86 行.
NOTIC: [8] Undefined variable: optionType D:\XAMPP\htdocs\Zst\enroll_test\Application\Runtime\Cache\Home\6b313d90ed3303feafeaa779823361c3.php 第 120 行.
INFO: Run Behavior\ParseTemplateBehavior [ RunTime:0.016008s ]
INFO: [ view_parse ] --END-- [ RunTime:0.016075s ]
INFO: [ view_filter ] --START--
INFO: Run Behavior\WriteHtmlCacheBehavior [ RunTime:0.000670s ]
INFO: [ view_filter ] --END-- [ RunTime:0.000743s ]
INFO: [ app_end ] --START--
INFO: Run Behavior\ShowPageTraceBehavior [ RunTime:0.000972s ]
INFO: [ app_end ] --END-- [ RunTime:0.001057s ]

[ 2017-03-24T14:47:31+08:00 ] 127.0.0.1 /enroll_test/User/logout.html
INFO: [ app_init ] --START--
INFO: Run Behavior\BuildLiteBehavior [ RunTime:0.000015s ]
INFO: [ app_init ] --END-- [ RunTime:0.000394s ]
INFO: [ app_begin ] --START--
INFO: Run Behavior\ReadHtmlCacheBehavior [ RunTime:0.000654s ]
INFO: [ app_begin ] --END-- [ RunTime:0.000729s ]
INFO: [ view_parse ] --START--
INFO: [ template_filter ] --START--
INFO: Run Behavior\ContentReplaceBehavior [ RunTime:0.000032s ]
INFO: [ template_filter ] --END-- [ RunTime:0.000088s ]
INFO: Run Behavior\ParseTemplateBehavior [ RunTime:0.006501s ]
INFO: [ view_parse ] --END-- [ RunTime:0.006579s ]
INFO: [ view_filter ] --START--
INFO: Run Behavior\WriteHtmlCacheBehavior [ RunTime:0.000331s ]
INFO: [ view_filter ] --END-- [ RunTime:0.000366s ]
INFO: [ app_end ] --START--
INFO: Run Behavior\ShowPageTraceBehavior [ RunTime:0.000593s ]
INFO: [ app_end ] --END-- [ RunTime:0.000643s ]

[ 2017-03-24T14:47:33+08:00 ] 127.0.0.1 /enroll_test/User/index.html
INFO: [ app_init ] --START--
INFO: Run Behavior\BuildLiteBehavior [ RunTime:0.000012s ]
INFO: [ app_init ] --END-- [ RunTime:0.000379s ]
INFO: [ app_begin ] --START--
INFO: Run Behavior\ReadHtmlCacheBehavior [ RunTime:0.000687s ]
INFO: [ app_begin ] --END-- [ RunTime:0.000750s ]
INFO: [ view_parse ] --START--
INFO: [ template_filter ] --START--
INFO: Run Behavior\ContentReplaceBehavior [ RunTime:0.000063s ]
INFO: [ template_filter ] --END-- [ RunTime:0.000157s ]
NOTIC: [8] Undefined index: login_uid D:\XAMPP\htdocs\Zst\enroll_test\Application\Runtime\Cache\Home\6830cbac89ff06451c77cd8769d6d4ca.php 第 55 行.
INFO: Run Behavior\ParseTemplateBehavior [ RunTime:0.011220s ]
INFO: [ view_parse ] --END-- [ RunTime:0.011297s ]
INFO: [ view_filter ] --START--
INFO: Run Behavior\WriteHtmlCacheBehavior [ RunTime:0.000354s ]
INFO: [ view_filter ] --END-- [ RunTime:0.000389s ]
INFO: [ app_end ] --START--
INFO: Run Behavior\ShowPageTraceBehavior [ RunTime:0.000574s ]
INFO: [ app_end ] --END-- [ RunTime:0.000619s ]

[ 2017-03-24T14:47:33+08:00 ] 127.0.0.1 /enroll_test/User/index.html
INFO: [ app_init ] --START--
INFO: Run Behavior\BuildLiteBehavior [ RunTime:0.000032s ]
INFO: [ app_init ] --END-- [ RunTime:0.001095s ]
INFO: [ app_begin ] --START--
INFO: Run Behavior\ReadHtmlCacheBehavior [ RunTime:0.000967s ]
INFO: [ app_begin ] --END-- [ RunTime:0.001126s ]
INFO: [ view_parse ] --START--
INFO: [ template_filter ] --START--
INFO: Run Behavior\ContentReplaceBehavior [ RunTime:0.000088s ]
INFO: [ template_filter ] --END-- [ RunTime:0.000174s ]
NOTIC: [8] Undefined index: login_uid D:\XAMPP\htdocs\Zst\enroll_test\Application\Runtime\Cache\Home\6830cbac89ff06451c77cd8769d6d4ca.php 第 55 行.
INFO: Run Behavior\ParseTemplateBehavior [ RunTime:0.012041s ]
INFO: [ view_parse ] --END-- [ RunTime:0.012128s ]
INFO: [ view_filter ] --START--
INFO: Run Behavior\WriteHtmlCacheBehavior [ RunTime:0.000640s ]
INFO: [ view_filter ] --END-- [ RunTime:0.000752s ]
INFO: [ app_end ] --START--
INFO: Run Behavior\ShowPageTraceBehavior [ RunTime:0.001026s ]
INFO: [ app_end ] --END-- [ RunTime:0.001112s ]

[ 2017-03-24T14:47:34+08:00 ] 127.0.0.1 /enroll_test/User/login.html
INFO: [ app_init ] --START--
INFO: Run Behavior\BuildLiteBehavior [ RunTime:0.000011s ]
INFO: [ app_init ] --END-- [ RunTime:0.000389s ]
INFO: [ app_begin ] --START--
INFO: Run Behavior\ReadHtmlCacheBehavior [ RunTime:0.000541s ]
INFO: [ app_begin ] --END-- [ RunTime:0.000600s ]
NOTIC: [8] Undefined index: login_uid D:\XAMPP\htdocs\Zst\enroll_test\Application\Home\Controller\UserController.class.php 第 21 行.
INFO: [ view_parse ] --START--
INFO: [ template_filter ] --START--
INFO: Run Behavior\ContentReplaceBehavior [ RunTime:0.000070s ]
INFO: [ template_filter ] --END-- [ RunTime:0.000151s ]
NOTIC: [8] Undefined index: login_uid D:\XAMPP\htdocs\Zst\enroll_test\Application\Runtime\Cache\Home\5c9ee6d19cd41add49f97afe3aef0b25.php 第 55 行.
INFO: Run Behavior\ParseTemplateBehavior [ RunTime:0.010434s ]
INFO: [ view_parse ] --END-- [ RunTime:0.010489s ]
INFO: [ view_filter ] --START--
INFO: Run Behavior\WriteHtmlCacheBehavior [ RunTime:0.000495s ]
INFO: [ view_filter ] --END-- [ RunTime:0.000541s ]
INFO: [ app_end ] --START--
INFO: Run Behavior\ShowPageTraceBehavior [ RunTime:0.000702s ]
INFO: [ app_end ] --END-- [ RunTime:0.000750s ]

[ 2017-03-24T14:47:34+08:00 ] 127.0.0.1 /enroll_test/User/login.html
INFO: [ app_init ] --START--
INFO: Run Behavior\BuildLiteBehavior [ RunTime:0.000022s ]
INFO: [ app_init ] --END-- [ RunTime:0.000567s ]
INFO: [ app_begin ] --START--
INFO: Run Behavior\ReadHtmlCacheBehavior [ RunTime:0.001416s ]
INFO: [ app_begin ] --END-- [ RunTime:0.001689s ]
NOTIC: [8] Undefined index: login_uid D:\XAMPP\htdocs\Zst\enroll_test\Application\Home\Controller\UserController.class.php 第 21 行.
INFO: [ view_parse ] --START--
INFO: [ template_filter ] --START--
INFO: Run Behavior\ContentReplaceBehavior [ RunTime:0.000050s ]
INFO: [ template_filter ] --END-- [ RunTime:0.000105s ]
NOTIC: [8] Undefined index: login_uid D:\XAMPP\htdocs\Zst\enroll_test\Application\Runtime\Cache\Home\5c9ee6d19cd41add49f97afe3aef0b25.php 第 55 行.
INFO: Run Behavior\ParseTemplateBehavior [ RunTime:0.013442s ]
INFO: [ view_parse ] --END-- [ RunTime:0.013530s ]
INFO: [ view_filter ] --START--
INFO: Run Behavior\WriteHtmlCacheBehavior [ RunTime:0.000627s ]
INFO: [ view_filter ] --END-- [ RunTime:0.000698s ]
INFO: [ app_end ] --START--
INFO: Run Behavior\ShowPageTraceBehavior [ RunTime:0.000846s ]
INFO: [ app_end ] --END-- [ RunTime:0.000904s ]

[ 2017-03-24T14:47:39+08:00 ] 127.0.0.1 /enroll_test/index.php/User/login_check
INFO: [ app_init ] --START--
INFO: Run Behavior\BuildLiteBehavior [ RunTime:0.000026s ]
INFO: [ app_init ] --END-- [ RunTime:0.000850s ]
INFO: [ app_begin ] --START--
INFO: Run Behavior\ReadHtmlCacheBehavior [ RunTime:0.000742s ]
INFO: [ app_begin ] --END-- [ RunTime:0.000840s ]
NOTIC: [8192] mysql_connect(): The mysql extension is deprecated and will be removed in the future: use mysqli or PDO instead D:\XAMPP\htdocs\Zst\enroll_test\ThinkPHP\Library\Think\Db\Driver\Mysql.class.php 第 52 行.
SQL: SHOW COLUMNS FROM `registration` [ RunTime:0.003412s ]
SQL: SELECT `password` FROM `registration` WHERE ( username = 'admin' ) LIMIT 1   [ RunTime:0.000334s ]

[ 2017-03-24T14:47:39+08:00 ] 127.0.0.1 /enroll_test/index.php/Vote/index
INFO: [ app_init ] --START--
INFO: Run Behavior\BuildLiteBehavior [ RunTime:0.000012s ]
INFO: [ app_init ] --END-- [ RunTime:0.000356s ]
INFO: [ app_begin ] --START--
INFO: Run Behavior\ReadHtmlCacheBehavior [ RunTime:0.000476s ]
INFO: [ app_begin ] --END-- [ RunTime:0.000519s ]
NOTIC: [8192] mysql_connect(): The mysql extension is deprecated and will be removed in the future: use mysqli or PDO instead D:\XAMPP\htdocs\Zst\enroll_test\ThinkPHP\Library\Think\Db\Driver\Mysql.class.php 第 52 行.
SQL: SHOW COLUMNS FROM `common` [ RunTime:0.002222s ]
ERR: 1146:Table 'enroll_test.common' doesn't exist
 [ SQL语句 ] : SHOW COLUMNS FROM `common`
SQL: SHOW COLUMNS FROM `registration` [ RunTime:0.002458s ]
SQL: SELECT `power` FROM `registration` WHERE ( username = 'admin' ) LIMIT 1   [ RunTime:0.000815s ]
NOTIC: [8] Use of undefined constant ture - assumed 'ture' D:\XAMPP\htdocs\Zst\enroll_test\Application\Home\Model\CommonModel.class.php 第 29 行.
SQL: SHOW COLUMNS FROM `project` [ RunTime:0.002971s ]
SQL: SELECT COUNT(*) AS tp_count FROM `project` WHERE ( type = 1 AND del = 0 ) LIMIT 1   [ RunTime:0.000336s ]
SQL: SELECT * FROM `project` WHERE ( type = 1 AND del = 0 ) ORDER BY dateline DESC LIMIT 0,15   [ RunTime:0.000476s ]
INFO: [ view_parse ] --START--
INFO: [ template_filter ] --START--
INFO: Run Behavior\ContentReplaceBehavior [ RunTime:0.000059s ]
INFO: [ template_filter ] --END-- [ RunTime:0.000103s ]
NOTIC: [8] Undefined variable: registerClass D:\XAMPP\htdocs\Zst\enroll_test\Application\Runtime\Cache\Home\9eb0be1c8543928b722255f5f5e17aa1.php 第 36 行.
NOTIC: [8] Undefined variable: researchClass D:\XAMPP\htdocs\Zst\enroll_test\Application\Runtime\Cache\Home\9eb0be1c8543928b722255f5f5e17aa1.php 第 39 行.
NOTIC: [8] Undefined variable: addClass D:\XAMPP\htdocs\Zst\enroll_test\Application\Runtime\Cache\Home\9eb0be1c8543928b722255f5f5e17aa1.php 第 64 行.
NOTIC: [8] Use of undefined constant id - assumed 'id' D:\XAMPP\htdocs\Zst\enroll_test\Application\Runtime\Cache\Home\9eb0be1c8543928b722255f5f5e17aa1.php 第 87 行.
NOTIC: [8] Use of undefined constant id - assumed 'id' D:\XAMPP\htdocs\Zst\enroll_test\Application\Runtime\Cache\Home\9eb0be1c8543928b722255f5f5e17aa1.php 第 87 行.
NOTIC: [8] Use of undefined constant id - assumed 'id' D:\XAMPP\htdocs\Zst\enroll_test\Application\Runtime\Cache\Home\9eb0be1c8543928b722255f5f5e17aa1.php 第 87 行.
NOTIC: [8] Use of undefined constant id - assumed 'id' D:\XAMPP\htdocs\Zst\enroll_test\Application\Runtime\Cache\Home\9eb0be1c8543928b722255f5f5e17aa1.php 第 87 行.
NOTIC: [8] Use of undefined constant id - assumed 'id' D:\XAMPP\htdocs\Zst\enroll_test\Application\Runtime\Cache\Home\9eb0be1c8543928b722255f5f5e17aa1.php 第 87 行.
NOTIC: [8] Use of undefined constant id - assumed 'id' D:\XAMPP\htdocs\Zst\enroll_test\Application\Runtime\Cache\Home\9eb0be1c8543928b722255f5f5e17aa1.php 第 87 行.
NOTIC: [8] Undefined variable: optionType D:\XAMPP\htdocs\Zst\enroll_test\Application\Runtime\Cache\Home\9eb0be1c8543928b722255f5f5e17aa1.php 第 139 行.
INFO: Run Behavior\ParseTemplateBehavior [ RunTime:0.011129s ]
INFO: [ view_parse ] --END-- [ RunTime:0.011174s ]
INFO: [ view_filter ] --START--
INFO: Run Behavior\WriteHtmlCacheBehavior [ RunTime:0.000385s ]
INFO: [ view_filter ] --END-- [ RunTime:0.000436s ]
INFO: [ app_end ] --START--
INFO: Run Behavior\ShowPageTraceBehavior [ RunTime:0.000904s ]
INFO: [ app_end ] --END-- [ RunTime:0.001049s ]

[ 2017-03-24T14:49:08+08:00 ] 127.0.0.1 /enroll_test/index.php/Vote/index
INFO: [ app_init ] --START--
INFO: Run Behavior\BuildLiteBehavior [ RunTime:0.000011s ]
INFO: [ app_init ] --END-- [ RunTime:0.000366s ]
INFO: [ app_begin ] --START--
INFO: Run Behavior\ReadHtmlCacheBehavior [ RunTime:0.000478s ]
INFO: [ app_begin ] --END-- [ RunTime:0.000521s ]
NOTIC: [8192] mysql_connect(): The mysql extension is deprecated and will be removed in the future: use mysqli or PDO instead D:\XAMPP\htdocs\Zst\enroll_test\ThinkPHP\Library\Think\Db\Driver\Mysql.class.php 第 52 行.
SQL: SHOW COLUMNS FROM `common` [ RunTime:0.040939s ]
ERR: 1146:Table 'enroll_test.common' doesn't exist
 [ SQL语句 ] : SHOW COLUMNS FROM `common`
SQL: SHOW COLUMNS FROM `registration` [ RunTime:0.002218s ]
SQL: SELECT `power` FROM `registration` WHERE ( username = 'admin' ) LIMIT 1   [ RunTime:0.000324s ]
NOTIC: [8] Use of undefined constant ture - assumed 'ture' D:\XAMPP\htdocs\Zst\enroll_test\Application\Home\Model\CommonModel.class.php 第 29 行.
SQL: SHOW COLUMNS FROM `project` [ RunTime:0.002422s ]
SQL: SELECT COUNT(*) AS tp_count FROM `project` WHERE ( type = 1 AND del = 0 ) LIMIT 1   [ RunTime:0.000396s ]
SQL: SELECT * FROM `project` WHERE ( type = 1 AND del = 0 ) ORDER BY dateline DESC LIMIT 0,15   [ RunTime:0.000535s ]
INFO: [ view_parse ] --START--
INFO: [ template_filter ] --START--
INFO: Run Behavior\ContentReplaceBehavior [ RunTime:0.000070s ]
INFO: [ template_filter ] --END-- [ RunTime:0.000126s ]
NOTIC: [8] Undefined variable: registerClass D:\XAMPP\htdocs\Zst\enroll_test\Application\Runtime\Cache\Home\9eb0be1c8543928b722255f5f5e17aa1.php 第 36 行.
NOTIC: [8] Undefined variable: researchClass D:\XAMPP\htdocs\Zst\enroll_test\Application\Runtime\Cache\Home\9eb0be1c8543928b722255f5f5e17aa1.php 第 39 行.
NOTIC: [8] Undefined variable: addClass D:\XAMPP\htdocs\Zst\enroll_test\Application\Runtime\Cache\Home\9eb0be1c8543928b722255f5f5e17aa1.php 第 64 行.
NOTIC: [8] Use of undefined constant id - assumed 'id' D:\XAMPP\htdocs\Zst\enroll_test\Application\Runtime\Cache\Home\9eb0be1c8543928b722255f5f5e17aa1.php 第 87 行.
NOTIC: [8] Use of undefined constant id - assumed 'id' D:\XAMPP\htdocs\Zst\enroll_test\Application\Runtime\Cache\Home\9eb0be1c8543928b722255f5f5e17aa1.php 第 87 行.
NOTIC: [8] Use of undefined constant id - assumed 'id' D:\XAMPP\htdocs\Zst\enroll_test\Application\Runtime\Cache\Home\9eb0be1c8543928b722255f5f5e17aa1.php 第 87 行.
NOTIC: [8] Use of undefined constant id - assumed 'id' D:\XAMPP\htdocs\Zst\enroll_test\Application\Runtime\Cache\Home\9eb0be1c8543928b722255f5f5e17aa1.php 第 87 行.
NOTIC: [8] Use of undefined constant id - assumed 'id' D:\XAMPP\htdocs\Zst\enroll_test\Application\Runtime\Cache\Home\9eb0be1c8543928b722255f5f5e17aa1.php 第 87 行.
NOTIC: [8] Use of undefined constant id - assumed 'id' D:\XAMPP\htdocs\Zst\enroll_test\Application\Runtime\Cache\Home\9eb0be1c8543928b722255f5f5e17aa1.php 第 87 行.
NOTIC: [8] Undefined variable: optionType D:\XAMPP\htdocs\Zst\enroll_test\Application\Runtime\Cache\Home\9eb0be1c8543928b722255f5f5e17aa1.php 第 139 行.
INFO: Run Behavior\ParseTemplateBehavior [ RunTime:0.013983s ]
INFO: [ view_parse ] --END-- [ RunTime:0.014043s ]
INFO: [ view_filter ] --START--
INFO: Run Behavior\WriteHtmlCacheBehavior [ RunTime:0.000363s ]
INFO: [ view_filter ] --END-- [ RunTime:0.000412s ]
INFO: [ app_end ] --START--
INFO: Run Behavior\ShowPageTraceBehavior [ RunTime:0.000739s ]
INFO: [ app_end ] --END-- [ RunTime:0.000802s ]

[ 2017-03-24T14:49:10+08:00 ] 127.0.0.1 /enroll_test/index.php/Vote/index
INFO: [ app_init ] --START--
INFO: Run Behavior\BuildLiteBehavior [ RunTime:0.000017s ]
INFO: [ app_init ] --END-- [ RunTime:0.000580s ]
INFO: [ app_begin ] --START--
INFO: Run Behavior\ReadHtmlCacheBehavior [ RunTime:0.000756s ]
INFO: [ app_begin ] --END-- [ RunTime:0.000828s ]
NOTIC: [8192] mysql_connect(): The mysql extension is deprecated and will be removed in the future: use mysqli or PDO instead D:\XAMPP\htdocs\Zst\enroll_test\ThinkPHP\Library\Think\Db\Driver\Mysql.class.php 第 52 行.
SQL: SHOW COLUMNS FROM `common` [ RunTime:0.001944s ]
ERR: 1146:Table 'enroll_test.common' doesn't exist
 [ SQL语句 ] : SHOW COLUMNS FROM `common`
SQL: SHOW COLUMNS FROM `registration` [ RunTime:0.002274s ]
SQL: SELECT `power` FROM `registration` WHERE ( username = 'admin' ) LIMIT 1   [ RunTime:0.000396s ]
NOTIC: [8] Use of undefined constant ture - assumed 'ture' D:\XAMPP\htdocs\Zst\enroll_test\Application\Home\Model\CommonModel.class.php 第 29 行.
SQL: SHOW COLUMNS FROM `project` [ RunTime:0.006167s ]
SQL: SELECT COUNT(*) AS tp_count FROM `project` WHERE ( type = 1 AND del = 0 ) LIMIT 1   [ RunTime:0.000350s ]
SQL: SELECT * FROM `project` WHERE ( type = 1 AND del = 0 ) ORDER BY dateline DESC LIMIT 0,15   [ RunTime:0.000662s ]
INFO: [ view_parse ] --START--
INFO: [ template_filter ] --START--
INFO: Run Behavior\ContentReplaceBehavior [ RunTime:0.000075s ]
INFO: [ template_filter ] --END-- [ RunTime:0.000140s ]
NOTIC: [8] Undefined variable: registerClass D:\XAMPP\htdocs\Zst\enroll_test\Application\Runtime\Cache\Home\9eb0be1c8543928b722255f5f5e17aa1.php 第 36 行.
NOTIC: [8] Undefined variable: researchClass D:\XAMPP\htdocs\Zst\enroll_test\Application\Runtime\Cache\Home\9eb0be1c8543928b722255f5f5e17aa1.php 第 39 行.
NOTIC: [8] Undefined variable: addClass D:\XAMPP\htdocs\Zst\enroll_test\Application\Runtime\Cache\Home\9eb0be1c8543928b722255f5f5e17aa1.php 第 64 行.
NOTIC: [8] Use of undefined constant id - assumed 'id' D:\XAMPP\htdocs\Zst\enroll_test\Application\Runtime\Cache\Home\9eb0be1c8543928b722255f5f5e17aa1.php 第 87 行.
NOTIC: [8] Use of undefined constant id - assumed 'id' D:\XAMPP\htdocs\Zst\enroll_test\Application\Runtime\Cache\Home\9eb0be1c8543928b722255f5f5e17aa1.php 第 87 行.
NOTIC: [8] Use of undefined constant id - assumed 'id' D:\XAMPP\htdocs\Zst\enroll_test\Application\Runtime\Cache\Home\9eb0be1c8543928b722255f5f5e17aa1.php 第 87 行.
NOTIC: [8] Use of undefined constant id - assumed 'id' D:\XAMPP\htdocs\Zst\enroll_test\Application\Runtime\Cache\Home\9eb0be1c8543928b722255f5f5e17aa1.php 第 87 行.
NOTIC: [8] Use of undefined constant id - assumed 'id' D:\XAMPP\htdocs\Zst\enroll_test\Application\Runtime\Cache\Home\9eb0be1c8543928b722255f5f5e17aa1.php 第 87 行.
NOTIC: [8] Use of undefined constant id - assumed 'id' D:\XAMPP\htdocs\Zst\enroll_test\Application\Runtime\Cache\Home\9eb0be1c8543928b722255f5f5e17aa1.php 第 87 行.
NOTIC: [8] Undefined variable: optionType D:\XAMPP\htdocs\Zst\enroll_test\Application\Runtime\Cache\Home\9eb0be1c8543928b722255f5f5e17aa1.php 第 139 行.
INFO: Run Behavior\ParseTemplateBehavior [ RunTime:0.012752s ]
INFO: [ view_parse ] --END-- [ RunTime:0.012827s ]
INFO: [ view_filter ] --START--
INFO: Run Behavior\WriteHtmlCacheBehavior [ RunTime:0.001124s ]
INFO: [ view_filter ] --END-- [ RunTime:0.001203s ]
INFO: [ app_end ] --START--
INFO: Run Behavior\ShowPageTraceBehavior [ RunTime:0.001754s ]
INFO: [ app_end ] --END-- [ RunTime:0.001906s ]

[ 2017-03-24T14:49:12+08:00 ] 127.0.0.1 /enroll_test/User/register_index.html
INFO: [ app_init ] --START--
INFO: Run Behavior\BuildLiteBehavior [ RunTime:0.000017s ]
INFO: [ app_init ] --END-- [ RunTime:0.000725s ]
INFO: [ app_begin ] --START--
INFO: Run Behavior\ReadHtmlCacheBehavior [ RunTime:0.001167s ]
INFO: [ app_begin ] --END-- [ RunTime:0.001309s ]
INFO: [ view_parse ] --START--
INFO: [ template_filter ] --START--
INFO: Run Behavior\ContentReplaceBehavior [ RunTime:0.000066s ]
INFO: [ template_filter ] --END-- [ RunTime:0.000131s ]
INFO: Run Behavior\ParseTemplateBehavior [ RunTime:0.009427s ]
INFO: [ view_parse ] --END-- [ RunTime:0.009519s ]
INFO: [ view_filter ] --START--
INFO: Run Behavior\WriteHtmlCacheBehavior [ RunTime:0.000536s ]
INFO: [ view_filter ] --END-- [ RunTime:0.000579s ]
INFO: [ app_end ] --START--
INFO: Run Behavior\ShowPageTraceBehavior [ RunTime:0.000780s ]
INFO: [ app_end ] --END-- [ RunTime:0.000822s ]

[ 2017-03-24T14:49:12+08:00 ] 127.0.0.1 /enroll_test/User/register_index.html
INFO: [ app_init ] --START--
INFO: Run Behavior\BuildLiteBehavior [ RunTime:0.000034s ]
INFO: [ app_init ] --END-- [ RunTime:0.001360s ]
INFO: [ app_begin ] --START--
INFO: Run Behavior\ReadHtmlCacheBehavior [ RunTime:0.001085s ]
INFO: [ app_begin ] --END-- [ RunTime:0.001237s ]
INFO: [ view_parse ] --START--
INFO: [ template_filter ] --START--
INFO: Run Behavior\ContentReplaceBehavior [ RunTime:0.000091s ]
INFO: [ template_filter ] --END-- [ RunTime:0.000243s ]
INFO: Run Behavior\ParseTemplateBehavior [ RunTime:0.015874s ]
INFO: [ view_parse ] --END-- [ RunTime:0.016004s ]
INFO: [ view_filter ] --START--
INFO: Run Behavior\WriteHtmlCacheBehavior [ RunTime:0.000950s ]
INFO: [ view_filter ] --END-- [ RunTime:0.001042s ]
INFO: [ app_end ] --START--
INFO: Run Behavior\ShowPageTraceBehavior [ RunTime:0.001329s ]
INFO: [ app_end ] --END-- [ RunTime:0.001440s ]

[ 2017-03-24T14:53:26+08:00 ] 127.0.0.1 /enroll_test/
INFO: [ app_init ] --START--
INFO: Run Behavior\BuildLiteBehavior [ RunTime:0.000023s ]
INFO: [ app_init ] --END-- [ RunTime:0.000538s ]
INFO: [ app_begin ] --START--
INFO: Run Behavior\ReadHtmlCacheBehavior [ RunTime:0.000579s ]
INFO: [ app_begin ] --END-- [ RunTime:0.000621s ]
NOTIC: [8192] mysql_connect(): The mysql extension is deprecated and will be removed in the future: use mysqli or PDO instead D:\XAMPP\htdocs\Zst\enroll_test\ThinkPHP\Library\Think\Db\Driver\Mysql.class.php 第 52 行.
SQL: SHOW COLUMNS FROM `common` [ RunTime:0.082081s ]
ERR: 1146:Table 'enroll_test.common' doesn't exist
 [ SQL语句 ] : SHOW COLUMNS FROM `common`
SQL: SHOW COLUMNS FROM `registration` [ RunTime:0.002257s ]
SQL: SELECT `power` FROM `registration` WHERE ( username = 'admin' ) LIMIT 1   [ RunTime:0.000331s ]
NOTIC: [8] Use of undefined constant ture - assumed 'ture' D:\XAMPP\htdocs\Zst\enroll_test\Application\Home\Model\CommonModel.class.php 第 29 行.
SQL: SHOW COLUMNS FROM `project` [ RunTime:0.002038s ]
SQL: SELECT COUNT(*) AS tp_count FROM `project` WHERE ( type = 2 AND del = 0 ) LIMIT 1   [ RunTime:0.000355s ]
SQL: SELECT * FROM `project` WHERE ( type = 2 AND del = 0 ) ORDER BY dateline DESC LIMIT 0,15   [ RunTime:0.000401s ]
INFO: [ view_parse ] --START--
INFO: [ template_filter ] --START--
INFO: Run Behavior\ContentReplaceBehavior [ RunTime:0.000073s ]
INFO: [ template_filter ] --END-- [ RunTime:0.000129s ]
NOTIC: [8] Undefined variable: voteClass D:\XAMPP\htdocs\Zst\enroll_test\Application\Runtime\Cache\Home\8bb6b0286929b81b0448f2cdcc1e937c.php 第 33 行.
NOTIC: [8] Undefined variable: researchClass D:\XAMPP\htdocs\Zst\enroll_test\Application\Runtime\Cache\Home\8bb6b0286929b81b0448f2cdcc1e937c.php 第 39 行.
NOTIC: [8] Undefined variable: addClass D:\XAMPP\htdocs\Zst\enroll_test\Application\Runtime\Cache\Home\8bb6b0286929b81b0448f2cdcc1e937c.php 第 64 行.
NOTIC: [8] Use of undefined constant id - assumed 'id' D:\XAMPP\htdocs\Zst\enroll_test\Application\Runtime\Cache\Home\8bb6b0286929b81b0448f2cdcc1e937c.php 第 87 行.
NOTIC: [8] Use of undefined constant id - assumed 'id' D:\XAMPP\htdocs\Zst\enroll_test\Application\Runtime\Cache\Home\8bb6b0286929b81b0448f2cdcc1e937c.php 第 87 行.
NOTIC: [8] Use of undefined constant id - assumed 'id' D:\XAMPP\htdocs\Zst\enroll_test\Application\Runtime\Cache\Home\8bb6b0286929b81b0448f2cdcc1e937c.php 第 87 行.
NOTIC: [8] Use of undefined constant id - assumed 'id' D:\XAMPP\htdocs\Zst\enroll_test\Application\Runtime\Cache\Home\8bb6b0286929b81b0448f2cdcc1e937c.php 第 87 行.
NOTIC: [8] Use of undefined constant id - assumed 'id' D:\XAMPP\htdocs\Zst\enroll_test\Application\Runtime\Cache\Home\8bb6b0286929b81b0448f2cdcc1e937c.php 第 87 行.
NOTIC: [8] Use of undefined constant id - assumed 'id' D:\XAMPP\htdocs\Zst\enroll_test\Application\Runtime\Cache\Home\8bb6b0286929b81b0448f2cdcc1e937c.php 第 87 行.
NOTIC: [8] Undefined variable: optionType D:\XAMPP\htdocs\Zst\enroll_test\Application\Runtime\Cache\Home\8bb6b0286929b81b0448f2cdcc1e937c.php 第 139 行.
INFO: Run Behavior\ParseTemplateBehavior [ RunTime:0.013064s ]
INFO: [ view_parse ] --END-- [ RunTime:0.013130s ]
INFO: [ view_filter ] --START--
INFO: Run Behavior\WriteHtmlCacheBehavior [ RunTime:0.000789s ]
INFO: [ view_filter ] --END-- [ RunTime:0.000843s ]
INFO: [ app_end ] --START--
INFO: Run Behavior\ShowPageTraceBehavior [ RunTime:0.000843s ]
INFO: [ app_end ] --END-- [ RunTime:0.000921s ]

[ 2017-03-24T14:53:40+08:00 ] 127.0.0.1 /enroll_test/
INFO: [ app_init ] --START--
INFO: Run Behavior\BuildLiteBehavior [ RunTime:0.000011s ]
INFO: [ app_init ] --END-- [ RunTime:0.000354s ]
INFO: [ app_begin ] --START--
INFO: Run Behavior\ReadHtmlCacheBehavior [ RunTime:0.000554s ]
INFO: [ app_begin ] --END-- [ RunTime:0.000597s ]
NOTIC: [8192] mysql_connect(): The mysql extension is deprecated and will be removed in the future: use mysqli or PDO instead D:\XAMPP\htdocs\Zst\enroll_test\ThinkPHP\Library\Think\Db\Driver\Mysql.class.php 第 52 行.
SQL: SHOW COLUMNS FROM `common` [ RunTime:0.001792s ]
ERR: 1146:Table 'enroll_test.common' doesn't exist
 [ SQL语句 ] : SHOW COLUMNS FROM `common`
SQL: SHOW COLUMNS FROM `registration` [ RunTime:0.002045s ]
SQL: SELECT `power` FROM `registration` WHERE ( username = 'admin' ) LIMIT 1   [ RunTime:0.000347s ]
NOTIC: [8] Use of undefined constant ture - assumed 'ture' D:\XAMPP\htdocs\Zst\enroll_test\Application\Home\Model\CommonModel.class.php 第 29 行.
SQL: SHOW COLUMNS FROM `project` [ RunTime:0.002054s ]
SQL: SELECT COUNT(*) AS tp_count FROM `project` WHERE ( type = 2 AND del = 0 ) LIMIT 1   [ RunTime:0.000320s ]
SQL: SELECT * FROM `project` WHERE ( type = 2 AND del = 0 ) ORDER BY dateline DESC LIMIT 0,15   [ RunTime:0.000407s ]
INFO: [ view_parse ] --START--
INFO: [ template_filter ] --START--
INFO: Run Behavior\ContentReplaceBehavior [ RunTime:0.000058s ]
INFO: [ template_filter ] --END-- [ RunTime:0.000103s ]
NOTIC: [8] Undefined variable: voteClass D:\XAMPP\htdocs\Zst\enroll_test\Application\Runtime\Cache\Home\8bb6b0286929b81b0448f2cdcc1e937c.php 第 33 行.
NOTIC: [8] Undefined variable: researchClass D:\XAMPP\htdocs\Zst\enroll_test\Application\Runtime\Cache\Home\8bb6b0286929b81b0448f2cdcc1e937c.php 第 39 行.
NOTIC: [8] Undefined variable: addClass D:\XAMPP\htdocs\Zst\enroll_test\Application\Runtime\Cache\Home\8bb6b0286929b81b0448f2cdcc1e937c.php 第 64 行.
NOTIC: [8] Use of undefined constant id - assumed 'id' D:\XAMPP\htdocs\Zst\enroll_test\Application\Runtime\Cache\Home\8bb6b0286929b81b0448f2cdcc1e937c.php 第 87 行.
NOTIC: [8] Use of undefined constant id - assumed 'id' D:\XAMPP\htdocs\Zst\enroll_test\Application\Runtime\Cache\Home\8bb6b0286929b81b0448f2cdcc1e937c.php 第 87 行.
NOTIC: [8] Use of undefined constant id - assumed 'id' D:\XAMPP\htdocs\Zst\enroll_test\Application\Runtime\Cache\Home\8bb6b0286929b81b0448f2cdcc1e937c.php 第 87 行.
NOTIC: [8] Use of undefined constant id - assumed 'id' D:\XAMPP\htdocs\Zst\enroll_test\Application\Runtime\Cache\Home\8bb6b0286929b81b0448f2cdcc1e937c.php 第 87 行.
NOTIC: [8] Use of undefined constant id - assumed 'id' D:\XAMPP\htdocs\Zst\enroll_test\Application\Runtime\Cache\Home\8bb6b0286929b81b0448f2cdcc1e937c.php 第 87 行.
NOTIC: [8] Use of undefined constant id - assumed 'id' D:\XAMPP\htdocs\Zst\enroll_test\Application\Runtime\Cache\Home\8bb6b0286929b81b0448f2cdcc1e937c.php 第 87 行.
NOTIC: [8] Undefined variable: optionType D:\XAMPP\htdocs\Zst\enroll_test\Application\Runtime\Cache\Home\8bb6b0286929b81b0448f2cdcc1e937c.php 第 139 行.
INFO: Run Behavior\ParseTemplateBehavior [ RunTime:0.014818s ]
INFO: [ view_parse ] --END-- [ RunTime:0.014859s ]
INFO: [ view_filter ] --START--
INFO: Run Behavior\WriteHtmlCacheBehavior [ RunTime:0.000443s ]
INFO: [ view_filter ] --END-- [ RunTime:0.000477s ]
INFO: [ app_end ] --START--
INFO: Run Behavior\ShowPageTraceBehavior [ RunTime:0.000790s ]
INFO: [ app_end ] --END-- [ RunTime:0.000856s ]

[ 2017-03-24T14:53:42+08:00 ] 127.0.0.1 /enroll_test/User/logout.html
INFO: [ app_init ] --START--
INFO: Run Behavior\BuildLiteBehavior [ RunTime:0.000020s ]
INFO: [ app_init ] --END-- [ RunTime:0.000575s ]
INFO: [ app_begin ] --START--
INFO: Run Behavior\ReadHtmlCacheBehavior [ RunTime:0.001333s ]
INFO: [ app_begin ] --END-- [ RunTime:0.001449s ]
INFO: [ view_parse ] --START--
INFO: [ template_filter ] --START--
INFO: Run Behavior\ContentReplaceBehavior [ RunTime:0.000031s ]
INFO: [ template_filter ] --END-- [ RunTime:0.000083s ]
INFO: Run Behavior\ParseTemplateBehavior [ RunTime:0.005839s ]
INFO: [ view_parse ] --END-- [ RunTime:0.005901s ]
INFO: [ view_filter ] --START--
INFO: Run Behavior\WriteHtmlCacheBehavior [ RunTime:0.000452s ]
INFO: [ view_filter ] --END-- [ RunTime:0.000491s ]
INFO: [ app_end ] --START--
INFO: Run Behavior\ShowPageTraceBehavior [ RunTime:0.000633s ]
INFO: [ app_end ] --END-- [ RunTime:0.000672s ]

[ 2017-03-24T14:53:43+08:00 ] 127.0.0.1 /enroll_test/User/index.html
INFO: [ app_init ] --START--
INFO: Run Behavior\BuildLiteBehavior [ RunTime:0.000092s ]
INFO: [ app_init ] --END-- [ RunTime:0.000922s ]
INFO: [ app_begin ] --START--
INFO: Run Behavior\ReadHtmlCacheBehavior [ RunTime:0.000772s ]
INFO: [ app_begin ] --END-- [ RunTime:0.000838s ]
INFO: [ view_parse ] --START--
INFO: [ template_filter ] --START--
INFO: Run Behavior\ContentReplaceBehavior [ RunTime:0.000168s ]
INFO: [ template_filter ] --END-- [ RunTime:0.000457s ]
NOTIC: [8] Undefined index: login_uid D:\XAMPP\htdocs\Zst\enroll_test\Application\Runtime\Cache\Home\6830cbac89ff06451c77cd8769d6d4ca.php 第 55 行.
INFO: Run Behavior\ParseTemplateBehavior [ RunTime:0.012093s ]
INFO: [ view_parse ] --END-- [ RunTime:0.012142s ]
INFO: [ view_filter ] --START--
INFO: Run Behavior\WriteHtmlCacheBehavior [ RunTime:0.000443s ]
INFO: [ view_filter ] --END-- [ RunTime:0.000477s ]
INFO: [ app_end ] --START--
INFO: Run Behavior\ShowPageTraceBehavior [ RunTime:0.000595s ]
INFO: [ app_end ] --END-- [ RunTime:0.000640s ]

[ 2017-03-24T14:53:43+08:00 ] 127.0.0.1 /enroll_test/User/index.html
INFO: [ app_init ] --START--
INFO: Run Behavior\BuildLiteBehavior [ RunTime:0.000026s ]
INFO: [ app_init ] --END-- [ RunTime:0.000926s ]
INFO: [ app_begin ] --START--
INFO: Run Behavior\ReadHtmlCacheBehavior [ RunTime:0.001146s ]
INFO: [ app_begin ] --END-- [ RunTime:0.001277s ]
INFO: [ view_parse ] --START--
INFO: [ template_filter ] --START--
INFO: Run Behavior\ContentReplaceBehavior [ RunTime:0.000056s ]
INFO: [ template_filter ] --END-- [ RunTime:0.000150s ]
NOTIC: [8] Undefined index: login_uid D:\XAMPP\htdocs\Zst\enroll_test\Application\Runtime\Cache\Home\6830cbac89ff06451c77cd8769d6d4ca.php 第 55 行.
INFO: Run Behavior\ParseTemplateBehavior [ RunTime:0.012855s ]
INFO: [ view_parse ] --END-- [ RunTime:0.012924s ]
INFO: [ view_filter ] --START--
INFO: Run Behavior\WriteHtmlCacheBehavior [ RunTime:0.002124s ]
INFO: [ view_filter ] --END-- [ RunTime:0.002340s ]
INFO: [ app_end ] --START--
INFO: Run Behavior\ShowPageTraceBehavior [ RunTime:0.002779s ]
INFO: [ app_end ] --END-- [ RunTime:0.003025s ]

[ 2017-03-24T14:53:44+08:00 ] 127.0.0.1 /enroll_test/User/login.html
INFO: [ app_init ] --START--
INFO: Run Behavior\BuildLiteBehavior [ RunTime:0.000012s ]
INFO: [ app_init ] --END-- [ RunTime:0.000351s ]
INFO: [ app_begin ] --START--
INFO: Run Behavior\ReadHtmlCacheBehavior [ RunTime:0.000566s ]
INFO: [ app_begin ] --END-- [ RunTime:0.000613s ]
NOTIC: [8] Undefined index: login_uid D:\XAMPP\htdocs\Zst\enroll_test\Application\Home\Controller\UserController.class.php 第 21 行.
INFO: [ view_parse ] --START--
INFO: [ template_filter ] --START--
INFO: Run Behavior\ContentReplaceBehavior [ RunTime:0.000079s ]
INFO: [ template_filter ] --END-- [ RunTime:0.000181s ]
NOTIC: [8] Undefined index: login_uid D:\XAMPP\htdocs\Zst\enroll_test\Application\Runtime\Cache\Home\5c9ee6d19cd41add49f97afe3aef0b25.php 第 55 行.
INFO: Run Behavior\ParseTemplateBehavior [ RunTime:0.010093s ]
INFO: [ view_parse ] --END-- [ RunTime:0.010163s ]
INFO: [ view_filter ] --START--
INFO: Run Behavior\WriteHtmlCacheBehavior [ RunTime:0.000726s ]
INFO: [ view_filter ] --END-- [ RunTime:0.000767s ]
INFO: [ app_end ] --START--
INFO: Run Behavior\ShowPageTraceBehavior [ RunTime:0.000621s ]
INFO: [ app_end ] --END-- [ RunTime:0.000660s ]

[ 2017-03-24T14:53:44+08:00 ] 127.0.0.1 /enroll_test/User/login.html
INFO: [ app_init ] --START--
INFO: Run Behavior\BuildLiteBehavior [ RunTime:0.000016s ]
INFO: [ app_init ] --END-- [ RunTime:0.000618s ]
INFO: [ app_begin ] --START--
INFO: Run Behavior\ReadHtmlCacheBehavior [ RunTime:0.001370s ]
INFO: [ app_begin ] --END-- [ RunTime:0.001492s ]
NOTIC: [8] Undefined index: login_uid D:\XAMPP\htdocs\Zst\enroll_test\Application\Home\Controller\UserController.class.php 第 21 行.
INFO: [ view_parse ] --START--
INFO: [ template_filter ] --START--
INFO: Run Behavior\ContentReplaceBehavior [ RunTime:0.000118s ]
INFO: [ template_filter ] --END-- [ RunTime:0.000356s ]
NOTIC: [8] Undefined index: login_uid D:\XAMPP\htdocs\Zst\enroll_test\Application\Runtime\Cache\Home\5c9ee6d19cd41add49f97afe3aef0b25.php 第 55 行.
INFO: Run Behavior\ParseTemplateBehavior [ RunTime:0.015073s ]
INFO: [ view_parse ] --END-- [ RunTime:0.015127s ]
INFO: [ view_filter ] --START--
INFO: Run Behavior\WriteHtmlCacheBehavior [ RunTime:0.000550s ]
INFO: [ view_filter ] --END-- [ RunTime:0.000603s ]
INFO: [ app_end ] --START--
INFO: Run Behavior\ShowPageTraceBehavior [ RunTime:0.001245s ]
INFO: [ app_end ] --END-- [ RunTime:0.001306s ]

[ 2017-03-24T14:53:48+08:00 ] 127.0.0.1 /enroll_test/index.php/User/login_check
INFO: [ app_init ] --START--
INFO: Run Behavior\BuildLiteBehavior [ RunTime:0.000023s ]
INFO: [ app_init ] --END-- [ RunTime:0.000364s ]
INFO: [ app_begin ] --START--
INFO: Run Behavior\ReadHtmlCacheBehavior [ RunTime:0.000651s ]
INFO: [ app_begin ] --END-- [ RunTime:0.000719s ]
NOTIC: [8192] mysql_connect(): The mysql extension is deprecated and will be removed in the future: use mysqli or PDO instead D:\XAMPP\htdocs\Zst\enroll_test\ThinkPHP\Library\Think\Db\Driver\Mysql.class.php 第 52 行.
SQL: SHOW COLUMNS FROM `registration` [ RunTime:0.001894s ]
SQL: SELECT `password` FROM `registration` WHERE ( username = 'aaaaaaa' ) LIMIT 1   [ RunTime:0.000301s ]

[ 2017-03-24T14:53:48+08:00 ] 127.0.0.1 /enroll_test/index.php/Vote/votepage
INFO: [ app_init ] --START--
INFO: Run Behavior\BuildLiteBehavior [ RunTime:0.000012s ]
INFO: [ app_init ] --END-- [ RunTime:0.000326s ]
INFO: [ app_begin ] --START--
INFO: Run Behavior\ReadHtmlCacheBehavior [ RunTime:0.000537s ]
INFO: [ app_begin ] --END-- [ RunTime:0.000580s ]
NOTIC: [8192] mysql_connect(): The mysql extension is deprecated and will be removed in the future: use mysqli or PDO instead D:\XAMPP\htdocs\Zst\enroll_test\ThinkPHP\Library\Think\Db\Driver\Mysql.class.php 第 52 行.
SQL: SHOW COLUMNS FROM `common` [ RunTime:0.002091s ]
ERR: 1146:Table 'enroll_test.common' doesn't exist
 [ SQL语句 ] : SHOW COLUMNS FROM `common`
SQL: SHOW COLUMNS FROM `project` [ RunTime:0.003255s ]
SQL: SELECT COUNT(*) AS tp_count FROM `project` WHERE ( type = 1 AND del = 0 ) LIMIT 1   [ RunTime:0.000957s ]
SQL: SELECT * FROM `project` WHERE ( type = 1 AND del = 0 ) ORDER BY dateline DESC LIMIT 0,15   [ RunTime:0.000473s ]
INFO: [ view_parse ] --START--
INFO: [ template_filter ] --START--
INFO: Run Behavior\ContentReplaceBehavior [ RunTime:0.000066s ]
INFO: [ template_filter ] --END-- [ RunTime:0.000130s ]
NOTIC: [8] Undefined variable: registerClass D:\XAMPP\htdocs\Zst\enroll_test\Application\Runtime\Cache\Home\6b313d90ed3303feafeaa779823361c3.php 第 36 行.
NOTIC: [8] Undefined variable: researchClass D:\XAMPP\htdocs\Zst\enroll_test\Application\Runtime\Cache\Home\6b313d90ed3303feafeaa779823361c3.php 第 39 行.
NOTIC: [8] Use of undefined constant id - assumed 'id' D:\XAMPP\htdocs\Zst\enroll_test\Application\Runtime\Cache\Home\6b313d90ed3303feafeaa779823361c3.php 第 86 行.
NOTIC: [8] Use of undefined constant id - assumed 'id' D:\XAMPP\htdocs\Zst\enroll_test\Application\Runtime\Cache\Home\6b313d90ed3303feafeaa779823361c3.php 第 86 行.
NOTIC: [8] Undefined variable: optionType D:\XAMPP\htdocs\Zst\enroll_test\Application\Runtime\Cache\Home\6b313d90ed3303feafeaa779823361c3.php 第 120 行.
INFO: Run Behavior\ParseTemplateBehavior [ RunTime:0.009708s ]
INFO: [ view_parse ] --END-- [ RunTime:0.009756s ]
INFO: [ view_filter ] --START--
INFO: Run Behavior\WriteHtmlCacheBehavior [ RunTime:0.000488s ]
INFO: [ view_filter ] --END-- [ RunTime:0.000526s ]
INFO: [ app_end ] --START--
INFO: Run Behavior\ShowPageTraceBehavior [ RunTime:0.000685s ]
INFO: [ app_end ] --END-- [ RunTime:0.000741s ]

[ 2017-03-24T14:53:51+08:00 ] 127.0.0.1 /enroll_test/User/logout.html
INFO: [ app_init ] --START--
INFO: Run Behavior\BuildLiteBehavior [ RunTime:0.000013s ]
INFO: [ app_init ] --END-- [ RunTime:0.000380s ]
INFO: [ app_begin ] --START--
INFO: Run Behavior\ReadHtmlCacheBehavior [ RunTime:0.000608s ]
INFO: [ app_begin ] --END-- [ RunTime:0.000657s ]
INFO: [ view_parse ] --START--
INFO: [ template_filter ] --START--
INFO: Run Behavior\ContentReplaceBehavior [ RunTime:0.000027s ]
INFO: [ template_filter ] --END-- [ RunTime:0.000076s ]
INFO: Run Behavior\ParseTemplateBehavior [ RunTime:0.006726s ]
INFO: [ view_parse ] --END-- [ RunTime:0.006773s ]
INFO: [ view_filter ] --START--
INFO: Run Behavior\WriteHtmlCacheBehavior [ RunTime:0.000378s ]
INFO: [ view_filter ] --END-- [ RunTime:0.000410s ]
INFO: [ app_end ] --START--
INFO: Run Behavior\ShowPageTraceBehavior [ RunTime:0.000555s ]
INFO: [ app_end ] --END-- [ RunTime:0.000588s ]

[ 2017-03-24T14:53:52+08:00 ] 127.0.0.1 /enroll_test/User/index.html
INFO: [ app_init ] --START--
INFO: Run Behavior\BuildLiteBehavior [ RunTime:0.000014s ]
INFO: [ app_init ] --END-- [ RunTime:0.000420s ]
INFO: [ app_begin ] --START--
INFO: Run Behavior\ReadHtmlCacheBehavior [ RunTime:0.000689s ]
INFO: [ app_begin ] --END-- [ RunTime:0.000751s ]
INFO: [ view_parse ] --START--
INFO: [ template_filter ] --START--
INFO: Run Behavior\ContentReplaceBehavior [ RunTime:0.000044s ]
INFO: [ template_filter ] --END-- [ RunTime:0.000100s ]
NOTIC: [8] Undefined index: login_uid D:\XAMPP\htdocs\Zst\enroll_test\Application\Runtime\Cache\Home\6830cbac89ff06451c77cd8769d6d4ca.php 第 55 行.
INFO: Run Behavior\ParseTemplateBehavior [ RunTime:0.012642s ]
INFO: [ view_parse ] --END-- [ RunTime:0.012710s ]
INFO: [ view_filter ] --START--
INFO: Run Behavior\WriteHtmlCacheBehavior [ RunTime:0.000528s ]
INFO: [ view_filter ] --END-- [ RunTime:0.000572s ]
INFO: [ app_end ] --START--
INFO: Run Behavior\ShowPageTraceBehavior [ RunTime:0.000899s ]
INFO: [ app_end ] --END-- [ RunTime:0.000979s ]

[ 2017-03-24T14:53:52+08:00 ] 127.0.0.1 /enroll_test/User/index.html
INFO: [ app_init ] --START--
INFO: Run Behavior\BuildLiteBehavior [ RunTime:0.000026s ]
INFO: [ app_init ] --END-- [ RunTime:0.000797s ]
INFO: [ app_begin ] --START--
INFO: Run Behavior\ReadHtmlCacheBehavior [ RunTime:0.001442s ]
INFO: [ app_begin ] --END-- [ RunTime:0.001555s ]
INFO: [ view_parse ] --START--
INFO: [ template_filter ] --START--
INFO: Run Behavior\ContentReplaceBehavior [ RunTime:0.000074s ]
INFO: [ template_filter ] --END-- [ RunTime:0.000170s ]
NOTIC: [8] Undefined index: login_uid D:\XAMPP\htdocs\Zst\enroll_test\Application\Runtime\Cache\Home\6830cbac89ff06451c77cd8769d6d4ca.php 第 55 行.
INFO: Run Behavior\ParseTemplateBehavior [ RunTime:0.012972s ]
INFO: [ view_parse ] --END-- [ RunTime:0.013050s ]
INFO: [ view_filter ] --START--
INFO: Run Behavior\WriteHtmlCacheBehavior [ RunTime:0.000986s ]
INFO: [ view_filter ] --END-- [ RunTime:0.001067s ]
INFO: [ app_end ] --START--
INFO: Run Behavior\ShowPageTraceBehavior [ RunTime:0.001170s ]
INFO: [ app_end ] --END-- [ RunTime:0.001264s ]

[ 2017-03-24T14:53:53+08:00 ] 127.0.0.1 /enroll_test/User/login.html
INFO: [ app_init ] --START--
INFO: Run Behavior\BuildLiteBehavior [ RunTime:0.000015s ]
INFO: [ app_init ] --END-- [ RunTime:0.000384s ]
INFO: [ app_begin ] --START--
INFO: Run Behavior\ReadHtmlCacheBehavior [ RunTime:0.000615s ]
INFO: [ app_begin ] --END-- [ RunTime:0.000661s ]
NOTIC: [8] Undefined index: login_uid D:\XAMPP\htdocs\Zst\enroll_test\Application\Home\Controller\UserController.class.php 第 21 行.
INFO: [ view_parse ] --START--
INFO: [ template_filter ] --START--
INFO: Run Behavior\ContentReplaceBehavior [ RunTime:0.000044s ]
INFO: [ template_filter ] --END-- [ RunTime:0.000096s ]
NOTIC: [8] Undefined index: login_uid D:\XAMPP\htdocs\Zst\enroll_test\Application\Runtime\Cache\Home\5c9ee6d19cd41add49f97afe3aef0b25.php 第 55 行.
INFO: Run Behavior\ParseTemplateBehavior [ RunTime:0.009960s ]
INFO: [ view_parse ] --END-- [ RunTime:0.010023s ]
INFO: [ view_filter ] --START--
INFO: Run Behavior\WriteHtmlCacheBehavior [ RunTime:0.000647s ]
INFO: [ view_filter ] --END-- [ RunTime:0.000683s ]
INFO: [ app_end ] --START--
INFO: Run Behavior\ShowPageTraceBehavior [ RunTime:0.000580s ]
INFO: [ app_end ] --END-- [ RunTime:0.000624s ]

[ 2017-03-24T14:53:53+08:00 ] 127.0.0.1 /enroll_test/User/login.html
INFO: [ app_init ] --START--
INFO: Run Behavior\BuildLiteBehavior [ RunTime:0.000091s ]
INFO: [ app_init ] --END-- [ RunTime:0.002377s ]
INFO: [ app_begin ] --START--
INFO: Run Behavior\ReadHtmlCacheBehavior [ RunTime:0.001062s ]
INFO: [ app_begin ] --END-- [ RunTime:0.001170s ]
NOTIC: [8] Undefined index: login_uid D:\XAMPP\htdocs\Zst\enroll_test\Application\Home\Controller\UserController.class.php 第 21 行.
INFO: [ view_parse ] --START--
INFO: [ template_filter ] --START--
INFO: Run Behavior\ContentReplaceBehavior [ RunTime:0.000046s ]
INFO: [ template_filter ] --END-- [ RunTime:0.000107s ]
NOTIC: [8] Undefined index: login_uid D:\XAMPP\htdocs\Zst\enroll_test\Application\Runtime\Cache\Home\5c9ee6d19cd41add49f97afe3aef0b25.php 第 55 行.
INFO: Run Behavior\ParseTemplateBehavior [ RunTime:0.008142s ]
INFO: [ view_parse ] --END-- [ RunTime:0.008333s ]
INFO: [ view_filter ] --START--
INFO: Run Behavior\WriteHtmlCacheBehavior [ RunTime:0.002285s ]
INFO: [ view_filter ] --END-- [ RunTime:0.002442s ]
INFO: [ app_end ] --START--
INFO: Run Behavior\ShowPageTraceBehavior [ RunTime:0.001845s ]
INFO: [ app_end ] --END-- [ RunTime:0.002053s ]

[ 2017-03-24T14:53:57+08:00 ] 127.0.0.1 /enroll_test/index.php/User/login_check
INFO: [ app_init ] --START--
INFO: Run Behavior\BuildLiteBehavior [ RunTime:0.000011s ]
INFO: [ app_init ] --END-- [ RunTime:0.000370s ]
INFO: [ app_begin ] --START--
INFO: Run Behavior\ReadHtmlCacheBehavior [ RunTime:0.000560s ]
INFO: [ app_begin ] --END-- [ RunTime:0.000609s ]
NOTIC: [8192] mysql_connect(): The mysql extension is deprecated and will be removed in the future: use mysqli or PDO instead D:\XAMPP\htdocs\Zst\enroll_test\ThinkPHP\Library\Think\Db\Driver\Mysql.class.php 第 52 行.
SQL: SHOW COLUMNS FROM `registration` [ RunTime:0.015775s ]
SQL: SELECT `password` FROM `registration` WHERE ( username = 'admin' ) LIMIT 1   [ RunTime:0.000323s ]

[ 2017-03-24T14:53:58+08:00 ] 127.0.0.1 /enroll_test/index.php/Vote/index
INFO: [ app_init ] --START--
INFO: Run Behavior\BuildLiteBehavior [ RunTime:0.000017s ]
INFO: [ app_init ] --END-- [ RunTime:0.000506s ]
INFO: [ app_begin ] --START--
INFO: Run Behavior\ReadHtmlCacheBehavior [ RunTime:0.001539s ]
INFO: [ app_begin ] --END-- [ RunTime:0.001744s ]
NOTIC: [8192] mysql_connect(): The mysql extension is deprecated and will be removed in the future: use mysqli or PDO instead D:\XAMPP\htdocs\Zst\enroll_test\ThinkPHP\Library\Think\Db\Driver\Mysql.class.php 第 52 行.
SQL: SHOW COLUMNS FROM `common` [ RunTime:0.002127s ]
ERR: 1146:Table 'enroll_test.common' doesn't exist
 [ SQL语句 ] : SHOW COLUMNS FROM `common`
SQL: SHOW COLUMNS FROM `registration` [ RunTime:0.001882s ]
SQL: SELECT `power` FROM `registration` WHERE ( username = 'admin' ) LIMIT 1   [ RunTime:0.000283s ]
NOTIC: [8] Use of undefined constant ture - assumed 'ture' D:\XAMPP\htdocs\Zst\enroll_test\Application\Home\Model\CommonModel.class.php 第 29 行.
SQL: SHOW COLUMNS FROM `project` [ RunTime:0.002893s ]
SQL: SELECT COUNT(*) AS tp_count FROM `project` WHERE ( type = 1 AND del = 0 ) LIMIT 1   [ RunTime:0.000722s ]
SQL: SELECT * FROM `project` WHERE ( type = 1 AND del = 0 ) ORDER BY dateline DESC LIMIT 0,15   [ RunTime:0.001183s ]
INFO: [ view_parse ] --START--
INFO: [ template_filter ] --START--
INFO: Run Behavior\ContentReplaceBehavior [ RunTime:0.000073s ]
INFO: [ template_filter ] --END-- [ RunTime:0.000119s ]
NOTIC: [8] Undefined variable: registerClass D:\XAMPP\htdocs\Zst\enroll_test\Application\Runtime\Cache\Home\9eb0be1c8543928b722255f5f5e17aa1.php 第 36 行.
NOTIC: [8] Undefined variable: researchClass D:\XAMPP\htdocs\Zst\enroll_test\Application\Runtime\Cache\Home\9eb0be1c8543928b722255f5f5e17aa1.php 第 39 行.
NOTIC: [8] Undefined variable: addClass D:\XAMPP\htdocs\Zst\enroll_test\Application\Runtime\Cache\Home\9eb0be1c8543928b722255f5f5e17aa1.php 第 64 行.
NOTIC: [8] Use of undefined constant id - assumed 'id' D:\XAMPP\htdocs\Zst\enroll_test\Application\Runtime\Cache\Home\9eb0be1c8543928b722255f5f5e17aa1.php 第 87 行.
NOTIC: [8] Use of undefined constant id - assumed 'id' D:\XAMPP\htdocs\Zst\enroll_test\Application\Runtime\Cache\Home\9eb0be1c8543928b722255f5f5e17aa1.php 第 87 行.
NOTIC: [8] Use of undefined constant id - assumed 'id' D:\XAMPP\htdocs\Zst\enroll_test\Application\Runtime\Cache\Home\9eb0be1c8543928b722255f5f5e17aa1.php 第 87 行.
NOTIC: [8] Use of undefined constant id - assumed 'id' D:\XAMPP\htdocs\Zst\enroll_test\Application\Runtime\Cache\Home\9eb0be1c8543928b722255f5f5e17aa1.php 第 87 行.
NOTIC: [8] Use of undefined constant id - assumed 'id' D:\XAMPP\htdocs\Zst\enroll_test\Application\Runtime\Cache\Home\9eb0be1c8543928b722255f5f5e17aa1.php 第 87 行.
NOTIC: [8] Use of undefined constant id - assumed 'id' D:\XAMPP\htdocs\Zst\enroll_test\Application\Runtime\Cache\Home\9eb0be1c8543928b722255f5f5e17aa1.php 第 87 行.
NOTIC: [8] Undefined variable: optionType D:\XAMPP\htdocs\Zst\enroll_test\Application\Runtime\Cache\Home\9eb0be1c8543928b722255f5f5e17aa1.php 第 139 行.
INFO: Run Behavior\ParseTemplateBehavior [ RunTime:0.009778s ]
INFO: [ view_parse ] --END-- [ RunTime:0.009817s ]
INFO: [ view_filter ] --START--
INFO: Run Behavior\WriteHtmlCacheBehavior [ RunTime:0.000400s ]
INFO: [ view_filter ] --END-- [ RunTime:0.000432s ]
INFO: [ app_end ] --START--
INFO: Run Behavior\ShowPageTraceBehavior [ RunTime:0.000765s ]
INFO: [ app_end ] --END-- [ RunTime:0.000821s ]

[ 2017-03-24T14:54:00+08:00 ] 127.0.0.1 /enroll_test/User/register_index.html
INFO: [ app_init ] --START--
INFO: Run Behavior\BuildLiteBehavior [ RunTime:0.000021s ]
INFO: [ app_init ] --END-- [ RunTime:0.000626s ]
INFO: [ app_begin ] --START--
INFO: Run Behavior\ReadHtmlCacheBehavior [ RunTime:0.000607s ]
INFO: [ app_begin ] --END-- [ RunTime:0.000666s ]
INFO: [ view_parse ] --START--
INFO: [ template_filter ] --START--
INFO: Run Behavior\ContentReplaceBehavior [ RunTime:0.000147s ]
INFO: [ template_filter ] --END-- [ RunTime:0.000294s ]
INFO: Run Behavior\ParseTemplateBehavior [ RunTime:0.012052s ]
INFO: [ view_parse ] --END-- [ RunTime:0.012138s ]
INFO: [ view_filter ] --START--
INFO: Run Behavior\WriteHtmlCacheBehavior [ RunTime:0.000672s ]
INFO: [ view_filter ] --END-- [ RunTime:0.000732s ]
INFO: [ app_end ] --START--
INFO: Run Behavior\ShowPageTraceBehavior [ RunTime:0.000863s ]
INFO: [ app_end ] --END-- [ RunTime:0.000917s ]

[ 2017-03-24T14:54:00+08:00 ] 127.0.0.1 /enroll_test/User/register_index.html
INFO: [ app_init ] --START--
INFO: Run Behavior\BuildLiteBehavior [ RunTime:0.000024s ]
INFO: [ app_init ] --END-- [ RunTime:0.000740s ]
INFO: [ app_begin ] --START--
INFO: Run Behavior\ReadHtmlCacheBehavior [ RunTime:0.001070s ]
INFO: [ app_begin ] --END-- [ RunTime:0.001174s ]
INFO: [ view_parse ] --START--
INFO: [ template_filter ] --START--
INFO: Run Behavior\ContentReplaceBehavior [ RunTime:0.000079s ]
INFO: [ template_filter ] --END-- [ RunTime:0.000178s ]
INFO: Run Behavior\ParseTemplateBehavior [ RunTime:0.012939s ]
INFO: [ view_parse ] --END-- [ RunTime:0.013042s ]
INFO: [ view_filter ] --START--
INFO: Run Behavior\WriteHtmlCacheBehavior [ RunTime:0.000551s ]
INFO: [ view_filter ] --END-- [ RunTime:0.000604s ]
INFO: [ app_end ] --START--
INFO: Run Behavior\ShowPageTraceBehavior [ RunTime:0.000821s ]
INFO: [ app_end ] --END-- [ RunTime:0.000878s ]

[ 2017-03-24T14:54:14+08:00 ] 127.0.0.1 /enroll_test/index.php/User/register
INFO: [ app_init ] --START--
INFO: Run Behavior\BuildLiteBehavior [ RunTime:0.000077s ]
INFO: [ app_init ] --END-- [ RunTime:0.000845s ]
INFO: [ app_begin ] --START--
INFO: Run Behavior\ReadHtmlCacheBehavior [ RunTime:0.000604s ]
INFO: [ app_begin ] --END-- [ RunTime:0.000647s ]
NOTIC: [8192] mysql_connect(): The mysql extension is deprecated and will be removed in the future: use mysqli or PDO instead D:\XAMPP\htdocs\Zst\enroll_test\ThinkPHP\Library\Think\Db\Driver\Mysql.class.php 第 52 行.
SQL: SHOW COLUMNS FROM `registration` [ RunTime:0.027725s ]
SQL: SELECT * FROM `registration` WHERE ( username = 'bbbbbbb' ) LIMIT 1   [ RunTime:0.000315s ]
SQL: SHOW COLUMNS FROM `common` [ RunTime:0.001776s ]
ERR: 1146:Table 'enroll_test.common' doesn't exist
 [ SQL语句 ] : SHOW COLUMNS FROM `common`
SQL: SELECT `power` FROM `registration` WHERE ( username = 'admin' ) LIMIT 1   [ RunTime:0.000278s ]
NOTIC: [8] Use of undefined constant ture - assumed 'ture' D:\XAMPP\htdocs\Zst\enroll_test\Application\Home\Model\CommonModel.class.php 第 29 行.
SQL: INSERT INTO `registration` (`username`,`password`,`phone_number`,`email`,`power`) VALUES ('bbbbbbb','1e1e3638340bb0e806f8c20d8be8238b1b9bad159c5c11a4992bc58270bcfc40','13812345678','123@qq.com','8c6976e5b5410415bde908bd4dee15dfb167a9c873fc4bb8a81f6f2ab448a918') [ RunTime:0.106284s ]

[ 2017-03-24T14:54:14+08:00 ] 127.0.0.1 /enroll_test/index.php/Vote/votepage
INFO: [ app_init ] --START--
INFO: Run Behavior\BuildLiteBehavior [ RunTime:0.000014s ]
INFO: [ app_init ] --END-- [ RunTime:0.000404s ]
INFO: [ app_begin ] --START--
INFO: Run Behavior\ReadHtmlCacheBehavior [ RunTime:0.000663s ]
INFO: [ app_begin ] --END-- [ RunTime:0.000720s ]
NOTIC: [8192] mysql_connect(): The mysql extension is deprecated and will be removed in the future: use mysqli or PDO instead D:\XAMPP\htdocs\Zst\enroll_test\ThinkPHP\Library\Think\Db\Driver\Mysql.class.php 第 52 行.
SQL: SHOW COLUMNS FROM `common` [ RunTime:0.002086s ]
ERR: 1146:Table 'enroll_test.common' doesn't exist
 [ SQL语句 ] : SHOW COLUMNS FROM `common`
SQL: SHOW COLUMNS FROM `project` [ RunTime:0.002076s ]
SQL: SELECT COUNT(*) AS tp_count FROM `project` WHERE ( type = 1 AND del = 0 ) LIMIT 1   [ RunTime:0.000662s ]
SQL: SELECT * FROM `project` WHERE ( type = 1 AND del = 0 ) ORDER BY dateline DESC LIMIT 0,15   [ RunTime:0.000479s ]
INFO: [ view_parse ] --START--
INFO: [ template_filter ] --START--
INFO: Run Behavior\ContentReplaceBehavior [ RunTime:0.000050s ]
INFO: [ template_filter ] --END-- [ RunTime:0.000099s ]
NOTIC: [8] Undefined variable: registerClass D:\XAMPP\htdocs\Zst\enroll_test\Application\Runtime\Cache\Home\6b313d90ed3303feafeaa779823361c3.php 第 36 行.
NOTIC: [8] Undefined variable: researchClass D:\XAMPP\htdocs\Zst\enroll_test\Application\Runtime\Cache\Home\6b313d90ed3303feafeaa779823361c3.php 第 39 行.
NOTIC: [8] Use of undefined constant id - assumed 'id' D:\XAMPP\htdocs\Zst\enroll_test\Application\Runtime\Cache\Home\6b313d90ed3303feafeaa779823361c3.php 第 86 行.
NOTIC: [8] Use of undefined constant id - assumed 'id' D:\XAMPP\htdocs\Zst\enroll_test\Application\Runtime\Cache\Home\6b313d90ed3303feafeaa779823361c3.php 第 86 行.
NOTIC: [8] Undefined variable: optionType D:\XAMPP\htdocs\Zst\enroll_test\Application\Runtime\Cache\Home\6b313d90ed3303feafeaa779823361c3.php 第 120 行.
INFO: Run Behavior\ParseTemplateBehavior [ RunTime:0.012817s ]
INFO: [ view_parse ] --END-- [ RunTime:0.012864s ]
INFO: [ view_filter ] --START--
INFO: Run Behavior\WriteHtmlCacheBehavior [ RunTime:0.000369s ]
INFO: [ view_filter ] --END-- [ RunTime:0.000400s ]
INFO: [ app_end ] --START--
INFO: Run Behavior\ShowPageTraceBehavior [ RunTime:0.000674s ]
INFO: [ app_end ] --END-- [ RunTime:0.000709s ]

[ 2017-03-24T14:54:24+08:00 ] 127.0.0.1 /enroll_test/User/logout.html
INFO: [ app_init ] --START--
INFO: Run Behavior\BuildLiteBehavior [ RunTime:0.000041s ]
INFO: [ app_init ] --END-- [ RunTime:0.001571s ]
INFO: [ app_begin ] --START--
INFO: Run Behavior\ReadHtmlCacheBehavior [ RunTime:0.000682s ]
INFO: [ app_begin ] --END-- [ RunTime:0.000767s ]
INFO: [ view_parse ] --START--
INFO: [ template_filter ] --START--
INFO: Run Behavior\ContentReplaceBehavior [ RunTime:0.000028s ]
INFO: [ template_filter ] --END-- [ RunTime:0.000076s ]
INFO: Run Behavior\ParseTemplateBehavior [ RunTime:0.007434s ]
INFO: [ view_parse ] --END-- [ RunTime:0.007477s ]
INFO: [ view_filter ] --START--
INFO: Run Behavior\WriteHtmlCacheBehavior [ RunTime:0.000357s ]
INFO: [ view_filter ] --END-- [ RunTime:0.000388s ]
INFO: [ app_end ] --START--
INFO: Run Behavior\ShowPageTraceBehavior [ RunTime:0.000744s ]
INFO: [ app_end ] --END-- [ RunTime:0.000793s ]

[ 2017-03-24T14:54:25+08:00 ] 127.0.0.1 /enroll_test/User/index.html
INFO: [ app_init ] --START--
INFO: Run Behavior\BuildLiteBehavior [ RunTime:0.000012s ]
INFO: [ app_init ] --END-- [ RunTime:0.000354s ]
INFO: [ app_begin ] --START--
INFO: Run Behavior\ReadHtmlCacheBehavior [ RunTime:0.001115s ]
INFO: [ app_begin ] --END-- [ RunTime:0.001204s ]
INFO: [ view_parse ] --START--
INFO: [ template_filter ] --START--
INFO: Run Behavior\ContentReplaceBehavior [ RunTime:0.000041s ]
INFO: [ template_filter ] --END-- [ RunTime:0.000093s ]
NOTIC: [8] Undefined index: login_uid D:\XAMPP\htdocs\Zst\enroll_test\Application\Runtime\Cache\Home\6830cbac89ff06451c77cd8769d6d4ca.php 第 55 行.
INFO: Run Behavior\ParseTemplateBehavior [ RunTime:0.009277s ]
INFO: [ view_parse ] --END-- [ RunTime:0.009338s ]
INFO: [ view_filter ] --START--
INFO: Run Behavior\WriteHtmlCacheBehavior [ RunTime:0.000417s ]
INFO: [ view_filter ] --END-- [ RunTime:0.000455s ]
INFO: [ app_end ] --START--
INFO: Run Behavior\ShowPageTraceBehavior [ RunTime:0.000628s ]
INFO: [ app_end ] --END-- [ RunTime:0.000679s ]

[ 2017-03-24T14:54:25+08:00 ] 127.0.0.1 /enroll_test/User/index.html
INFO: [ app_init ] --START--
INFO: Run Behavior\BuildLiteBehavior [ RunTime:0.000023s ]
INFO: [ app_init ] --END-- [ RunTime:0.000728s ]
INFO: [ app_begin ] --START--
INFO: Run Behavior\ReadHtmlCacheBehavior [ RunTime:0.001174s ]
INFO: [ app_begin ] --END-- [ RunTime:0.001299s ]
INFO: [ view_parse ] --START--
INFO: [ template_filter ] --START--
INFO: Run Behavior\ContentReplaceBehavior [ RunTime:0.000048s ]
INFO: [ template_filter ] --END-- [ RunTime:0.000118s ]
NOTIC: [8] Undefined index: login_uid D:\XAMPP\htdocs\Zst\enroll_test\Application\Runtime\Cache\Home\6830cbac89ff06451c77cd8769d6d4ca.php 第 55 行.
INFO: Run Behavior\ParseTemplateBehavior [ RunTime:0.011529s ]
INFO: [ view_parse ] --END-- [ RunTime:0.011628s ]
INFO: [ view_filter ] --START--
INFO: Run Behavior\WriteHtmlCacheBehavior [ RunTime:0.000752s ]
INFO: [ view_filter ] --END-- [ RunTime:0.000828s ]
INFO: [ app_end ] --START--
INFO: Run Behavior\ShowPageTraceBehavior [ RunTime:0.001841s ]
INFO: [ app_end ] --END-- [ RunTime:0.002053s ]

[ 2017-03-24T14:54:26+08:00 ] 127.0.0.1 /enroll_test/User/login.html
INFO: [ app_init ] --START--
INFO: Run Behavior\BuildLiteBehavior [ RunTime:0.000017s ]
INFO: [ app_init ] --END-- [ RunTime:0.000375s ]
INFO: [ app_begin ] --START--
INFO: Run Behavior\ReadHtmlCacheBehavior [ RunTime:0.000668s ]
INFO: [ app_begin ] --END-- [ RunTime:0.000722s ]
NOTIC: [8] Undefined index: login_uid D:\XAMPP\htdocs\Zst\enroll_test\Application\Home\Controller\UserController.class.php 第 21 行.
INFO: [ view_parse ] --START--
INFO: [ template_filter ] --START--
INFO: Run Behavior\ContentReplaceBehavior [ RunTime:0.000047s ]
INFO: [ template_filter ] --END-- [ RunTime:0.000101s ]
NOTIC: [8] Undefined index: login_uid D:\XAMPP\htdocs\Zst\enroll_test\Application\Runtime\Cache\Home\5c9ee6d19cd41add49f97afe3aef0b25.php 第 55 行.
INFO: Run Behavior\ParseTemplateBehavior [ RunTime:0.008561s ]
INFO: [ view_parse ] --END-- [ RunTime:0.008611s ]
INFO: [ view_filter ] --START--
INFO: Run Behavior\WriteHtmlCacheBehavior [ RunTime:0.000841s ]
INFO: [ view_filter ] --END-- [ RunTime:0.001001s ]
INFO: [ app_end ] --START--
INFO: Run Behavior\ShowPageTraceBehavior [ RunTime:0.001330s ]
INFO: [ app_end ] --END-- [ RunTime:0.001478s ]

[ 2017-03-24T14:54:26+08:00 ] 127.0.0.1 /enroll_test/User/login.html
INFO: [ app_init ] --START--
INFO: Run Behavior\BuildLiteBehavior [ RunTime:0.000021s ]
INFO: [ app_init ] --END-- [ RunTime:0.000793s ]
INFO: [ app_begin ] --START--
INFO: Run Behavior\ReadHtmlCacheBehavior [ RunTime:0.002692s ]
INFO: [ app_begin ] --END-- [ RunTime:0.002909s ]
NOTIC: [8] Undefined index: login_uid D:\XAMPP\htdocs\Zst\enroll_test\Application\Home\Controller\UserController.class.php 第 21 行.
INFO: [ view_parse ] --START--
INFO: [ template_filter ] --START--
INFO: Run Behavior\ContentReplaceBehavior [ RunTime:0.000050s ]
INFO: [ template_filter ] --END-- [ RunTime:0.000112s ]
NOTIC: [8] Undefined index: login_uid D:\XAMPP\htdocs\Zst\enroll_test\Application\Runtime\Cache\Home\5c9ee6d19cd41add49f97afe3aef0b25.php 第 55 行.
INFO: Run Behavior\ParseTemplateBehavior [ RunTime:0.007738s ]
INFO: [ view_parse ] --END-- [ RunTime:0.007804s ]
INFO: [ view_filter ] --START--
INFO: Run Behavior\WriteHtmlCacheBehavior [ RunTime:0.000464s ]
INFO: [ view_filter ] --END-- [ RunTime:0.000502s ]
INFO: [ app_end ] --START--
INFO: Run Behavior\ShowPageTraceBehavior [ RunTime:0.000597s ]
INFO: [ app_end ] --END-- [ RunTime:0.000636s ]

[ 2017-03-24T14:54:30+08:00 ] 127.0.0.1 /enroll_test/index.php/User/login_check
INFO: [ app_init ] --START--
INFO: Run Behavior\BuildLiteBehavior [ RunTime:0.000012s ]
INFO: [ app_init ] --END-- [ RunTime:0.000321s ]
INFO: [ app_begin ] --START--
INFO: Run Behavior\ReadHtmlCacheBehavior [ RunTime:0.000548s ]
INFO: [ app_begin ] --END-- [ RunTime:0.000598s ]
NOTIC: [8192] mysql_connect(): The mysql extension is deprecated and will be removed in the future: use mysqli or PDO instead D:\XAMPP\htdocs\Zst\enroll_test\ThinkPHP\Library\Think\Db\Driver\Mysql.class.php 第 52 行.
SQL: SHOW COLUMNS FROM `registration` [ RunTime:0.002682s ]
SQL: SELECT `password` FROM `registration` WHERE ( username = 'bbbbbbb' ) LIMIT 1   [ RunTime:0.000852s ]

[ 2017-03-24T14:54:30+08:00 ] 127.0.0.1 /enroll_test/index.php/Vote/votepage
INFO: [ app_init ] --START--
INFO: Run Behavior\BuildLiteBehavior [ RunTime:0.000013s ]
INFO: [ app_init ] --END-- [ RunTime:0.000354s ]
INFO: [ app_begin ] --START--
INFO: Run Behavior\ReadHtmlCacheBehavior [ RunTime:0.000772s ]
INFO: [ app_begin ] --END-- [ RunTime:0.000842s ]
NOTIC: [8192] mysql_connect(): The mysql extension is deprecated and will be removed in the future: use mysqli or PDO instead D:\XAMPP\htdocs\Zst\enroll_test\ThinkPHP\Library\Think\Db\Driver\Mysql.class.php 第 52 行.
SQL: SHOW COLUMNS FROM `common` [ RunTime:0.003205s ]
ERR: 1146:Table 'enroll_test.common' doesn't exist
 [ SQL语句 ] : SHOW COLUMNS FROM `common`
SQL: SHOW COLUMNS FROM `project` [ RunTime:0.004059s ]
SQL: SELECT COUNT(*) AS tp_count FROM `project` WHERE ( type = 1 AND del = 0 ) LIMIT 1   [ RunTime:0.000343s ]
SQL: SELECT * FROM `project` WHERE ( type = 1 AND del = 0 ) ORDER BY dateline DESC LIMIT 0,15   [ RunTime:0.000474s ]
INFO: [ view_parse ] --START--
INFO: [ template_filter ] --START--
INFO: Run Behavior\ContentReplaceBehavior [ RunTime:0.000050s ]
INFO: [ template_filter ] --END-- [ RunTime:0.000092s ]
NOTIC: [8] Undefined variable: registerClass D:\XAMPP\htdocs\Zst\enroll_test\Application\Runtime\Cache\Home\6b313d90ed3303feafeaa779823361c3.php 第 36 行.
NOTIC: [8] Undefined variable: researchClass D:\XAMPP\htdocs\Zst\enroll_test\Application\Runtime\Cache\Home\6b313d90ed3303feafeaa779823361c3.php 第 39 行.
NOTIC: [8] Use of undefined constant id - assumed 'id' D:\XAMPP\htdocs\Zst\enroll_test\Application\Runtime\Cache\Home\6b313d90ed3303feafeaa779823361c3.php 第 86 行.
NOTIC: [8] Use of undefined constant id - assumed 'id' D:\XAMPP\htdocs\Zst\enroll_test\Application\Runtime\Cache\Home\6b313d90ed3303feafeaa779823361c3.php 第 86 行.
NOTIC: [8] Undefined variable: optionType D:\XAMPP\htdocs\Zst\enroll_test\Application\Runtime\Cache\Home\6b313d90ed3303feafeaa779823361c3.php 第 120 行.
INFO: Run Behavior\ParseTemplateBehavior [ RunTime:0.008793s ]
INFO: [ view_parse ] --END-- [ RunTime:0.008855s ]
INFO: [ view_filter ] --START--
INFO: Run Behavior\WriteHtmlCacheBehavior [ RunTime:0.000490s ]
INFO: [ view_filter ] --END-- [ RunTime:0.000529s ]
INFO: [ app_end ] --START--
INFO: Run Behavior\ShowPageTraceBehavior [ RunTime:0.000933s ]
INFO: [ app_end ] --END-- [ RunTime:0.001013s ]

[ 2017-03-24T14:56:15+08:00 ] 127.0.0.1 /enroll_test/User/logout.html
INFO: [ app_init ] --START--
INFO: Run Behavior\BuildLiteBehavior [ RunTime:0.000013s ]
INFO: [ app_init ] --END-- [ RunTime:0.000467s ]
INFO: [ app_begin ] --START--
INFO: Run Behavior\ReadHtmlCacheBehavior [ RunTime:0.000694s ]
INFO: [ app_begin ] --END-- [ RunTime:0.000798s ]
INFO: [ view_parse ] --START--
INFO: [ template_filter ] --START--
INFO: Run Behavior\ContentReplaceBehavior [ RunTime:0.000026s ]
INFO: [ template_filter ] --END-- [ RunTime:0.000073s ]
INFO: Run Behavior\ParseTemplateBehavior [ RunTime:0.005671s ]
INFO: [ view_parse ] --END-- [ RunTime:0.005865s ]
INFO: [ view_filter ] --START--
INFO: Run Behavior\WriteHtmlCacheBehavior [ RunTime:0.001684s ]
INFO: [ view_filter ] --END-- [ RunTime:0.001846s ]
INFO: [ app_end ] --START--
INFO: Run Behavior\ShowPageTraceBehavior [ RunTime:0.001216s ]
INFO: [ app_end ] --END-- [ RunTime:0.001312s ]

[ 2017-03-24T14:56:16+08:00 ] 127.0.0.1 /enroll_test/User/index.html
INFO: [ app_init ] --START--
INFO: Run Behavior\BuildLiteBehavior [ RunTime:0.000012s ]
INFO: [ app_init ] --END-- [ RunTime:0.000352s ]
INFO: [ app_begin ] --START--
INFO: Run Behavior\ReadHtmlCacheBehavior [ RunTime:0.000566s ]
INFO: [ app_begin ] --END-- [ RunTime:0.000607s ]
INFO: [ view_parse ] --START--
INFO: [ template_filter ] --START--
INFO: Run Behavior\ContentReplaceBehavior [ RunTime:0.000045s ]
INFO: [ template_filter ] --END-- [ RunTime:0.000106s ]
NOTIC: [8] Undefined index: login_uid D:\XAMPP\htdocs\Zst\enroll_test\Application\Runtime\Cache\Home\6830cbac89ff06451c77cd8769d6d4ca.php 第 55 行.
INFO: Run Behavior\ParseTemplateBehavior [ RunTime:0.011110s ]
INFO: [ view_parse ] --END-- [ RunTime:0.011162s ]
INFO: [ view_filter ] --START--
INFO: Run Behavior\WriteHtmlCacheBehavior [ RunTime:0.000380s ]
INFO: [ view_filter ] --END-- [ RunTime:0.000432s ]
INFO: [ app_end ] --START--
INFO: Run Behavior\ShowPageTraceBehavior [ RunTime:0.000582s ]
INFO: [ app_end ] --END-- [ RunTime:0.000618s ]

[ 2017-03-24T14:56:16+08:00 ] 127.0.0.1 /enroll_test/User/index.html
INFO: [ app_init ] --START--
INFO: Run Behavior\BuildLiteBehavior [ RunTime:0.000022s ]
INFO: [ app_init ] --END-- [ RunTime:0.000680s ]
INFO: [ app_begin ] --START--
INFO: Run Behavior\ReadHtmlCacheBehavior [ RunTime:0.001134s ]
INFO: [ app_begin ] --END-- [ RunTime:0.001282s ]
INFO: [ view_parse ] --START--
INFO: [ template_filter ] --START--
INFO: Run Behavior\ContentReplaceBehavior [ RunTime:0.000069s ]
INFO: [ template_filter ] --END-- [ RunTime:0.000153s ]
NOTIC: [8] Undefined index: login_uid D:\XAMPP\htdocs\Zst\enroll_test\Application\Runtime\Cache\Home\6830cbac89ff06451c77cd8769d6d4ca.php 第 55 行.
INFO: Run Behavior\ParseTemplateBehavior [ RunTime:0.013194s ]
INFO: [ view_parse ] --END-- [ RunTime:0.013284s ]
INFO: [ view_filter ] --START--
INFO: Run Behavior\WriteHtmlCacheBehavior [ RunTime:0.000757s ]
INFO: [ view_filter ] --END-- [ RunTime:0.000834s ]
INFO: [ app_end ] --START--
INFO: Run Behavior\ShowPageTraceBehavior [ RunTime:0.001063s ]
INFO: [ app_end ] --END-- [ RunTime:0.001149s ]

[ 2017-03-24T14:56:17+08:00 ] 127.0.0.1 /enroll_test/User/login.html
INFO: [ app_init ] --START--
INFO: Run Behavior\BuildLiteBehavior [ RunTime:0.000020s ]
INFO: [ app_init ] --END-- [ RunTime:0.000481s ]
INFO: [ app_begin ] --START--
INFO: Run Behavior\ReadHtmlCacheBehavior [ RunTime:0.001017s ]
INFO: [ app_begin ] --END-- [ RunTime:0.001104s ]
NOTIC: [8] Undefined index: login_uid D:\XAMPP\htdocs\Zst\enroll_test\Application\Home\Controller\UserController.class.php 第 21 行.
INFO: [ view_parse ] --START--
INFO: [ template_filter ] --START--
INFO: Run Behavior\ContentReplaceBehavior [ RunTime:0.000056s ]
INFO: [ template_filter ] --END-- [ RunTime:0.000162s ]
NOTIC: [8] Undefined index: login_uid D:\XAMPP\htdocs\Zst\enroll_test\Application\Runtime\Cache\Home\5c9ee6d19cd41add49f97afe3aef0b25.php 第 55 行.
INFO: Run Behavior\ParseTemplateBehavior [ RunTime:0.014420s ]
INFO: [ view_parse ] --END-- [ RunTime:0.014591s ]
INFO: [ view_filter ] --START--
INFO: Run Behavior\WriteHtmlCacheBehavior [ RunTime:0.000638s ]
INFO: [ view_filter ] --END-- [ RunTime:0.000696s ]
INFO: [ app_end ] --START--
INFO: Run Behavior\ShowPageTraceBehavior [ RunTime:0.000975s ]
INFO: [ app_end ] --END-- [ RunTime:0.001045s ]

[ 2017-03-24T14:56:17+08:00 ] 127.0.0.1 /enroll_test/User/login.html
INFO: [ app_init ] --START--
INFO: Run Behavior\BuildLiteBehavior [ RunTime:0.000024s ]
INFO: [ app_init ] --END-- [ RunTime:0.000791s ]
INFO: [ app_begin ] --START--
INFO: Run Behavior\ReadHtmlCacheBehavior [ RunTime:0.001219s ]
INFO: [ app_begin ] --END-- [ RunTime:0.001336s ]
NOTIC: [8] Undefined index: login_uid D:\XAMPP\htdocs\Zst\enroll_test\Application\Home\Controller\UserController.class.php 第 21 行.
INFO: [ view_parse ] --START--
INFO: [ template_filter ] --START--
INFO: Run Behavior\ContentReplaceBehavior [ RunTime:0.000087s ]
INFO: [ template_filter ] --END-- [ RunTime:0.000188s ]
NOTIC: [8] Undefined index: login_uid D:\XAMPP\htdocs\Zst\enroll_test\Application\Runtime\Cache\Home\5c9ee6d19cd41add49f97afe3aef0b25.php 第 55 行.
INFO: Run Behavior\ParseTemplateBehavior [ RunTime:0.016335s ]
INFO: [ view_parse ] --END-- [ RunTime:0.016420s ]
INFO: [ view_filter ] --START--
INFO: Run Behavior\WriteHtmlCacheBehavior [ RunTime:0.000821s ]
INFO: [ view_filter ] --END-- [ RunTime:0.000901s ]
INFO: [ app_end ] --START--
INFO: Run Behavior\ShowPageTraceBehavior [ RunTime:0.001190s ]
INFO: [ app_end ] --END-- [ RunTime:0.001274s ]

[ 2017-03-24T14:56:22+08:00 ] 127.0.0.1 /enroll_test/index.php/User/login_check
INFO: [ app_init ] --START--
INFO: Run Behavior\BuildLiteBehavior [ RunTime:0.000017s ]
INFO: [ app_init ] --END-- [ RunTime:0.000534s ]
INFO: [ app_begin ] --START--
INFO: Run Behavior\ReadHtmlCacheBehavior [ RunTime:0.000621s ]
INFO: [ app_begin ] --END-- [ RunTime:0.000672s ]
NOTIC: [8192] mysql_connect(): The mysql extension is deprecated and will be removed in the future: use mysqli or PDO instead D:\XAMPP\htdocs\Zst\enroll_test\ThinkPHP\Library\Think\Db\Driver\Mysql.class.php 第 52 行.
SQL: SHOW COLUMNS FROM `registration` [ RunTime:0.002143s ]
SQL: SELECT `password` FROM `registration` WHERE ( username = 'admin' ) LIMIT 1   [ RunTime:0.000303s ]

[ 2017-03-24T14:56:22+08:00 ] 127.0.0.1 /enroll_test/index.php/Vote/index
INFO: [ app_init ] --START--
INFO: Run Behavior\BuildLiteBehavior [ RunTime:0.000016s ]
INFO: [ app_init ] --END-- [ RunTime:0.000441s ]
INFO: [ app_begin ] --START--
INFO: Run Behavior\ReadHtmlCacheBehavior [ RunTime:0.000617s ]
INFO: [ app_begin ] --END-- [ RunTime:0.000670s ]
NOTIC: [8192] mysql_connect(): The mysql extension is deprecated and will be removed in the future: use mysqli or PDO instead D:\XAMPP\htdocs\Zst\enroll_test\ThinkPHP\Library\Think\Db\Driver\Mysql.class.php 第 52 行.
SQL: SHOW COLUMNS FROM `common` [ RunTime:0.009041s ]
ERR: 1146:Table 'enroll_test.common' doesn't exist
 [ SQL语句 ] : SHOW COLUMNS FROM `common`
SQL: SHOW COLUMNS FROM `registration` [ RunTime:0.002231s ]
SQL: SELECT `power` FROM `registration` WHERE ( username = 'admin' ) LIMIT 1   [ RunTime:0.000338s ]
NOTIC: [8] Use of undefined constant ture - assumed 'ture' D:\XAMPP\htdocs\Zst\enroll_test\Application\Home\Model\CommonModel.class.php 第 29 行.
SQL: SHOW COLUMNS FROM `project` [ RunTime:0.002073s ]
SQL: SELECT COUNT(*) AS tp_count FROM `project` WHERE ( type = 1 AND del = 0 ) LIMIT 1   [ RunTime:0.000449s ]
SQL: SELECT * FROM `project` WHERE ( type = 1 AND del = 0 ) ORDER BY dateline DESC LIMIT 0,15   [ RunTime:0.000685s ]
INFO: [ view_parse ] --START--
INFO: [ template_filter ] --START--
INFO: Run Behavior\ContentReplaceBehavior [ RunTime:0.000059s ]
INFO: [ template_filter ] --END-- [ RunTime:0.000106s ]
NOTIC: [8] Undefined variable: registerClass D:\XAMPP\htdocs\Zst\enroll_test\Application\Runtime\Cache\Home\9eb0be1c8543928b722255f5f5e17aa1.php 第 36 行.
NOTIC: [8] Undefined variable: researchClass D:\XAMPP\htdocs\Zst\enroll_test\Application\Runtime\Cache\Home\9eb0be1c8543928b722255f5f5e17aa1.php 第 39 行.
NOTIC: [8] Undefined variable: addClass D:\XAMPP\htdocs\Zst\enroll_test\Application\Runtime\Cache\Home\9eb0be1c8543928b722255f5f5e17aa1.php 第 64 行.
NOTIC: [8] Use of undefined constant id - assumed 'id' D:\XAMPP\htdocs\Zst\enroll_test\Application\Runtime\Cache\Home\9eb0be1c8543928b722255f5f5e17aa1.php 第 87 行.
NOTIC: [8] Use of undefined constant id - assumed 'id' D:\XAMPP\htdocs\Zst\enroll_test\Application\Runtime\Cache\Home\9eb0be1c8543928b722255f5f5e17aa1.php 第 87 行.
NOTIC: [8] Use of undefined constant id - assumed 'id' D:\XAMPP\htdocs\Zst\enroll_test\Application\Runtime\Cache\Home\9eb0be1c8543928b722255f5f5e17aa1.php 第 87 行.
NOTIC: [8] Use of undefined constant id - assumed 'id' D:\XAMPP\htdocs\Zst\enroll_test\Application\Runtime\Cache\Home\9eb0be1c8543928b722255f5f5e17aa1.php 第 87 行.
NOTIC: [8] Use of undefined constant id - assumed 'id' D:\XAMPP\htdocs\Zst\enroll_test\Application\Runtime\Cache\Home\9eb0be1c8543928b722255f5f5e17aa1.php 第 87 行.
NOTIC: [8] Use of undefined constant id - assumed 'id' D:\XAMPP\htdocs\Zst\enroll_test\Application\Runtime\Cache\Home\9eb0be1c8543928b722255f5f5e17aa1.php 第 87 行.
NOTIC: [8] Undefined variable: optionType D:\XAMPP\htdocs\Zst\enroll_test\Application\Runtime\Cache\Home\9eb0be1c8543928b722255f5f5e17aa1.php 第 139 行.
INFO: Run Behavior\ParseTemplateBehavior [ RunTime:0.011513s ]
INFO: [ view_parse ] --END-- [ RunTime:0.011626s ]
INFO: [ view_filter ] --START--
INFO: Run Behavior\WriteHtmlCacheBehavior [ RunTime:0.000506s ]
INFO: [ view_filter ] --END-- [ RunTime:0.000540s ]
INFO: [ app_end ] --START--
INFO: Run Behavior\ShowPageTraceBehavior [ RunTime:0.000729s ]
INFO: [ app_end ] --END-- [ RunTime:0.000782s ]

[ 2017-03-24T14:56:24+08:00 ] 127.0.0.1 /enroll_test/User/logout.html
INFO: [ app_init ] --START--
INFO: Run Behavior\BuildLiteBehavior [ RunTime:0.000017s ]
INFO: [ app_init ] --END-- [ RunTime:0.000550s ]
INFO: [ app_begin ] --START--
INFO: Run Behavior\ReadHtmlCacheBehavior [ RunTime:0.001936s ]
INFO: [ app_begin ] --END-- [ RunTime:0.002064s ]
INFO: [ view_parse ] --START--
INFO: [ template_filter ] --START--
INFO: Run Behavior\ContentReplaceBehavior [ RunTime:0.000054s ]
INFO: [ template_filter ] --END-- [ RunTime:0.000150s ]
INFO: Run Behavior\ParseTemplateBehavior [ RunTime:0.008677s ]
INFO: [ view_parse ] --END-- [ RunTime:0.008758s ]
INFO: [ view_filter ] --START--
INFO: Run Behavior\WriteHtmlCacheBehavior [ RunTime:0.000653s ]
INFO: [ view_filter ] --END-- [ RunTime:0.000711s ]
INFO: [ app_end ] --START--
INFO: Run Behavior\ShowPageTraceBehavior [ RunTime:0.000887s ]
INFO: [ app_end ] --END-- [ RunTime:0.000946s ]

[ 2017-03-24T14:56:25+08:00 ] 127.0.0.1 /enroll_test/User/index.html
INFO: [ app_init ] --START--
INFO: Run Behavior\BuildLiteBehavior [ RunTime:0.000014s ]
INFO: [ app_init ] --END-- [ RunTime:0.000433s ]
INFO: [ app_begin ] --START--
INFO: Run Behavior\ReadHtmlCacheBehavior [ RunTime:0.000736s ]
INFO: [ app_begin ] --END-- [ RunTime:0.000792s ]
INFO: [ view_parse ] --START--
INFO: [ template_filter ] --START--
INFO: Run Behavior\ContentReplaceBehavior [ RunTime:0.000038s ]
INFO: [ template_filter ] --END-- [ RunTime:0.000084s ]
NOTIC: [8] Undefined index: login_uid D:\XAMPP\htdocs\Zst\enroll_test\Application\Runtime\Cache\Home\6830cbac89ff06451c77cd8769d6d4ca.php 第 55 行.
INFO: Run Behavior\ParseTemplateBehavior [ RunTime:0.010036s ]
INFO: [ view_parse ] --END-- [ RunTime:0.010102s ]
INFO: [ view_filter ] --START--
INFO: Run Behavior\WriteHtmlCacheBehavior [ RunTime:0.000401s ]
INFO: [ view_filter ] --END-- [ RunTime:0.000433s ]
INFO: [ app_end ] --START--
INFO: Run Behavior\ShowPageTraceBehavior [ RunTime:0.000571s ]
INFO: [ app_end ] --END-- [ RunTime:0.000606s ]

[ 2017-03-24T14:56:25+08:00 ] 127.0.0.1 /enroll_test/User/index.html
INFO: [ app_init ] --START--
INFO: Run Behavior\BuildLiteBehavior [ RunTime:0.000023s ]
INFO: [ app_init ] --END-- [ RunTime:0.000632s ]
INFO: [ app_begin ] --START--
INFO: Run Behavior\ReadHtmlCacheBehavior [ RunTime:0.000924s ]
INFO: [ app_begin ] --END-- [ RunTime:0.001007s ]
INFO: [ view_parse ] --START--
INFO: [ template_filter ] --START--
INFO: Run Behavior\ContentReplaceBehavior [ RunTime:0.000068s ]
INFO: [ template_filter ] --END-- [ RunTime:0.000160s ]
NOTIC: [8] Undefined index: login_uid D:\XAMPP\htdocs\Zst\enroll_test\Application\Runtime\Cache\Home\6830cbac89ff06451c77cd8769d6d4ca.php 第 55 行.
INFO: Run Behavior\ParseTemplateBehavior [ RunTime:0.013656s ]
INFO: [ view_parse ] --END-- [ RunTime:0.013734s ]
INFO: [ view_filter ] --START--
INFO: Run Behavior\WriteHtmlCacheBehavior [ RunTime:0.000614s ]
INFO: [ view_filter ] --END-- [ RunTime:0.000668s ]
INFO: [ app_end ] --START--
INFO: Run Behavior\ShowPageTraceBehavior [ RunTime:0.002406s ]
INFO: [ app_end ] --END-- [ RunTime:0.002856s ]

[ 2017-03-24T14:56:26+08:00 ] 127.0.0.1 /enroll_test/User/login.html
INFO: [ app_init ] --START--
INFO: Run Behavior\BuildLiteBehavior [ RunTime:0.000015s ]
INFO: [ app_init ] --END-- [ RunTime:0.000492s ]
INFO: [ app_begin ] --START--
INFO: Run Behavior\ReadHtmlCacheBehavior [ RunTime:0.001730s ]
INFO: [ app_begin ] --END-- [ RunTime:0.001897s ]
NOTIC: [8] Undefined index: login_uid D:\XAMPP\htdocs\Zst\enroll_test\Application\Home\Controller\UserController.class.php 第 21 行.
INFO: [ view_parse ] --START--
INFO: [ template_filter ] --START--
INFO: Run Behavior\ContentReplaceBehavior [ RunTime:0.000041s ]
INFO: [ template_filter ] --END-- [ RunTime:0.000082s ]
NOTIC: [8] Undefined index: login_uid D:\XAMPP\htdocs\Zst\enroll_test\Application\Runtime\Cache\Home\5c9ee6d19cd41add49f97afe3aef0b25.php 第 55 行.
INFO: Run Behavior\ParseTemplateBehavior [ RunTime:0.006582s ]
INFO: [ view_parse ] --END-- [ RunTime:0.006621s ]
INFO: [ view_filter ] --START--
INFO: Run Behavior\WriteHtmlCacheBehavior [ RunTime:0.000413s ]
INFO: [ view_filter ] --END-- [ RunTime:0.000455s ]
INFO: [ app_end ] --START--
INFO: Run Behavior\ShowPageTraceBehavior [ RunTime:0.000570s ]
INFO: [ app_end ] --END-- [ RunTime:0.000603s ]

[ 2017-03-24T14:56:26+08:00 ] 127.0.0.1 /enroll_test/User/login.html
INFO: [ app_init ] --START--
INFO: Run Behavior\BuildLiteBehavior [ RunTime:0.000022s ]
INFO: [ app_init ] --END-- [ RunTime:0.000637s ]
INFO: [ app_begin ] --START--
INFO: Run Behavior\ReadHtmlCacheBehavior [ RunTime:0.001285s ]
INFO: [ app_begin ] --END-- [ RunTime:0.001403s ]
NOTIC: [8] Undefined index: login_uid D:\XAMPP\htdocs\Zst\enroll_test\Application\Home\Controller\UserController.class.php 第 21 行.
INFO: [ view_parse ] --START--
INFO: [ template_filter ] --START--
INFO: Run Behavior\ContentReplaceBehavior [ RunTime:0.000054s ]
INFO: [ template_filter ] --END-- [ RunTime:0.000109s ]
NOTIC: [8] Undefined index: login_uid D:\XAMPP\htdocs\Zst\enroll_test\Application\Runtime\Cache\Home\5c9ee6d19cd41add49f97afe3aef0b25.php 第 55 行.
INFO: Run Behavior\ParseTemplateBehavior [ RunTime:0.011703s ]
INFO: [ view_parse ] --END-- [ RunTime:0.011854s ]
INFO: [ view_filter ] --START--
INFO: Run Behavior\WriteHtmlCacheBehavior [ RunTime:0.000561s ]
INFO: [ view_filter ] --END-- [ RunTime:0.000603s ]
INFO: [ app_end ] --START--
INFO: Run Behavior\ShowPageTraceBehavior [ RunTime:0.000670s ]
INFO: [ app_end ] --END-- [ RunTime:0.000710s ]

[ 2017-03-24T14:56:31+08:00 ] 127.0.0.1 /enroll_test/index.php/User/login_check
INFO: [ app_init ] --START--
INFO: Run Behavior\BuildLiteBehavior [ RunTime:0.000011s ]
INFO: [ app_init ] --END-- [ RunTime:0.000335s ]
INFO: [ app_begin ] --START--
INFO: Run Behavior\ReadHtmlCacheBehavior [ RunTime:0.000739s ]
INFO: [ app_begin ] --END-- [ RunTime:0.000822s ]
NOTIC: [8192] mysql_connect(): The mysql extension is deprecated and will be removed in the future: use mysqli or PDO instead D:\XAMPP\htdocs\Zst\enroll_test\ThinkPHP\Library\Think\Db\Driver\Mysql.class.php 第 52 行.
SQL: SHOW COLUMNS FROM `registration` [ RunTime:0.002393s ]
SQL: SELECT `password` FROM `registration` WHERE ( username = 'bbbbbbb' ) LIMIT 1   [ RunTime:0.000413s ]

[ 2017-03-24T14:56:31+08:00 ] 127.0.0.1 /enroll_test/index.php/Vote/votepage
INFO: [ app_init ] --START--
INFO: Run Behavior\BuildLiteBehavior [ RunTime:0.000011s ]
INFO: [ app_init ] --END-- [ RunTime:0.000351s ]
INFO: [ app_begin ] --START--
INFO: Run Behavior\ReadHtmlCacheBehavior [ RunTime:0.000588s ]
INFO: [ app_begin ] --END-- [ RunTime:0.000630s ]
NOTIC: [8192] mysql_connect(): The mysql extension is deprecated and will be removed in the future: use mysqli or PDO instead D:\XAMPP\htdocs\Zst\enroll_test\ThinkPHP\Library\Think\Db\Driver\Mysql.class.php 第 52 行.
SQL: SHOW COLUMNS FROM `common` [ RunTime:0.002444s ]
ERR: 1146:Table 'enroll_test.common' doesn't exist
 [ SQL语句 ] : SHOW COLUMNS FROM `common`
SQL: SHOW COLUMNS FROM `project` [ RunTime:0.002769s ]
SQL: SELECT COUNT(*) AS tp_count FROM `project` WHERE ( type = 1 AND del = 0 ) LIMIT 1   [ RunTime:0.000309s ]
SQL: SELECT * FROM `project` WHERE ( type = 1 AND del = 0 ) ORDER BY dateline DESC LIMIT 0,15   [ RunTime:0.000414s ]
INFO: [ view_parse ] --START--
INFO: [ template_filter ] --START--
INFO: Run Behavior\ContentReplaceBehavior [ RunTime:0.000066s ]
INFO: [ template_filter ] --END-- [ RunTime:0.000116s ]
NOTIC: [8] Undefined variable: registerClass D:\XAMPP\htdocs\Zst\enroll_test\Application\Runtime\Cache\Home\6b313d90ed3303feafeaa779823361c3.php 第 36 行.
NOTIC: [8] Undefined variable: researchClass D:\XAMPP\htdocs\Zst\enroll_test\Application\Runtime\Cache\Home\6b313d90ed3303feafeaa779823361c3.php 第 39 行.
NOTIC: [8] Use of undefined constant id - assumed 'id' D:\XAMPP\htdocs\Zst\enroll_test\Application\Runtime\Cache\Home\6b313d90ed3303feafeaa779823361c3.php 第 86 行.
NOTIC: [8] Use of undefined constant id - assumed 'id' D:\XAMPP\htdocs\Zst\enroll_test\Application\Runtime\Cache\Home\6b313d90ed3303feafeaa779823361c3.php 第 86 行.
NOTIC: [8] Undefined variable: optionType D:\XAMPP\htdocs\Zst\enroll_test\Application\Runtime\Cache\Home\6b313d90ed3303feafeaa779823361c3.php 第 120 行.
INFO: Run Behavior\ParseTemplateBehavior [ RunTime:0.013213s ]
INFO: [ view_parse ] --END-- [ RunTime:0.013252s ]
INFO: [ view_filter ] --START--
INFO: Run Behavior\WriteHtmlCacheBehavior [ RunTime:0.000397s ]
INFO: [ view_filter ] --END-- [ RunTime:0.000428s ]
INFO: [ app_end ] --START--
INFO: Run Behavior\ShowPageTraceBehavior [ RunTime:0.000573s ]
INFO: [ app_end ] --END-- [ RunTime:0.000609s ]

[ 2017-03-24T14:59:16+08:00 ] 127.0.0.1 /enroll_test/index.php/Vote/votepage
INFO: [ app_init ] --START--
INFO: Run Behavior\BuildLiteBehavior [ RunTime:0.000016s ]
INFO: [ app_init ] --END-- [ RunTime:0.000500s ]
INFO: [ app_begin ] --START--
INFO: Run Behavior\ReadHtmlCacheBehavior [ RunTime:0.000841s ]
INFO: [ app_begin ] --END-- [ RunTime:0.000912s ]
NOTIC: [8192] mysql_connect(): The mysql extension is deprecated and will be removed in the future: use mysqli or PDO instead D:\XAMPP\htdocs\Zst\enroll_test\ThinkPHP\Library\Think\Db\Driver\Mysql.class.php 第 52 行.
SQL: SHOW COLUMNS FROM `common` [ RunTime:0.002291s ]
ERR: 1146:Table 'enroll_test.common' doesn't exist
 [ SQL语句 ] : SHOW COLUMNS FROM `common`
SQL: SHOW COLUMNS FROM `project` [ RunTime:0.002813s ]
SQL: SELECT COUNT(*) AS tp_count FROM `project` WHERE ( type = 1 AND del = 0 ) LIMIT 1   [ RunTime:0.000366s ]
SQL: SELECT * FROM `project` WHERE ( type = 1 AND del = 0 ) ORDER BY dateline DESC LIMIT 0,15   [ RunTime:0.000399s ]
INFO: [ view_parse ] --START--
INFO: [ template_filter ] --START--
INFO: Run Behavior\ContentReplaceBehavior [ RunTime:0.000050s ]
INFO: [ template_filter ] --END-- [ RunTime:0.000094s ]
NOTIC: [8] Undefined variable: registerClass D:\XAMPP\htdocs\Zst\enroll_test\Application\Runtime\Cache\Home\6b313d90ed3303feafeaa779823361c3.php 第 36 行.
NOTIC: [8] Undefined variable: researchClass D:\XAMPP\htdocs\Zst\enroll_test\Application\Runtime\Cache\Home\6b313d90ed3303feafeaa779823361c3.php 第 39 行.
NOTIC: [8] Use of undefined constant id - assumed 'id' D:\XAMPP\htdocs\Zst\enroll_test\Application\Runtime\Cache\Home\6b313d90ed3303feafeaa779823361c3.php 第 86 行.
NOTIC: [8] Use of undefined constant id - assumed 'id' D:\XAMPP\htdocs\Zst\enroll_test\Application\Runtime\Cache\Home\6b313d90ed3303feafeaa779823361c3.php 第 86 行.
NOTIC: [8] Undefined variable: optionType D:\XAMPP\htdocs\Zst\enroll_test\Application\Runtime\Cache\Home\6b313d90ed3303feafeaa779823361c3.php 第 120 行.
INFO: Run Behavior\ParseTemplateBehavior [ RunTime:0.012293s ]
INFO: [ view_parse ] --END-- [ RunTime:0.012345s ]
INFO: [ view_filter ] --START--
INFO: Run Behavior\WriteHtmlCacheBehavior [ RunTime:0.000475s ]
INFO: [ view_filter ] --END-- [ RunTime:0.000524s ]
INFO: [ app_end ] --START--
INFO: Run Behavior\ShowPageTraceBehavior [ RunTime:0.000578s ]
INFO: [ app_end ] --END-- [ RunTime:0.000612s ]

[ 2017-03-24T14:59:18+08:00 ] 127.0.0.1 /enroll_test/User/logout.html
INFO: [ app_init ] --START--
INFO: Run Behavior\BuildLiteBehavior [ RunTime:0.000014s ]
INFO: [ app_init ] --END-- [ RunTime:0.000389s ]
INFO: [ app_begin ] --START--
INFO: Run Behavior\ReadHtmlCacheBehavior [ RunTime:0.000937s ]
INFO: [ app_begin ] --END-- [ RunTime:0.001023s ]
INFO: [ view_parse ] --START--
INFO: [ template_filter ] --START--
INFO: Run Behavior\ContentReplaceBehavior [ RunTime:0.000049s ]
INFO: [ template_filter ] --END-- [ RunTime:0.000142s ]
INFO: Run Behavior\ParseTemplateBehavior [ RunTime:0.009721s ]
INFO: [ view_parse ] --END-- [ RunTime:0.009800s ]
INFO: [ view_filter ] --START--
INFO: Run Behavior\WriteHtmlCacheBehavior [ RunTime:0.000451s ]
INFO: [ view_filter ] --END-- [ RunTime:0.000496s ]
INFO: [ app_end ] --START--
INFO: Run Behavior\ShowPageTraceBehavior [ RunTime:0.000673s ]
INFO: [ app_end ] --END-- [ RunTime:0.000722s ]

[ 2017-03-24T14:59:19+08:00 ] 127.0.0.1 /enroll_test/User/index.html
INFO: [ app_init ] --START--
INFO: Run Behavior\BuildLiteBehavior [ RunTime:0.000012s ]
INFO: [ app_init ] --END-- [ RunTime:0.000347s ]
INFO: [ app_begin ] --START--
INFO: Run Behavior\ReadHtmlCacheBehavior [ RunTime:0.000584s ]
INFO: [ app_begin ] --END-- [ RunTime:0.000628s ]
INFO: [ view_parse ] --START--
INFO: [ template_filter ] --START--
INFO: Run Behavior\ContentReplaceBehavior [ RunTime:0.000043s ]
INFO: [ template_filter ] --END-- [ RunTime:0.000097s ]
NOTIC: [8] Undefined index: login_uid D:\XAMPP\htdocs\Zst\enroll_test\Application\Runtime\Cache\Home\6830cbac89ff06451c77cd8769d6d4ca.php 第 55 行.
INFO: Run Behavior\ParseTemplateBehavior [ RunTime:0.008098s ]
INFO: [ view_parse ] --END-- [ RunTime:0.008143s ]
INFO: [ view_filter ] --START--
INFO: Run Behavior\WriteHtmlCacheBehavior [ RunTime:0.000604s ]
INFO: [ view_filter ] --END-- [ RunTime:0.000670s ]
INFO: [ app_end ] --START--
INFO: Run Behavior\ShowPageTraceBehavior [ RunTime:0.001017s ]
INFO: [ app_end ] --END-- [ RunTime:0.001179s ]

[ 2017-03-24T14:59:19+08:00 ] 127.0.0.1 /enroll_test/User/index.html
INFO: [ app_init ] --START--
INFO: Run Behavior\BuildLiteBehavior [ RunTime:0.000022s ]
INFO: [ app_init ] --END-- [ RunTime:0.000761s ]
INFO: [ app_begin ] --START--
INFO: Run Behavior\ReadHtmlCacheBehavior [ RunTime:0.000939s ]
INFO: [ app_begin ] --END-- [ RunTime:0.001051s ]
INFO: [ view_parse ] --START--
INFO: [ template_filter ] --START--
INFO: Run Behavior\ContentReplaceBehavior [ RunTime:0.000066s ]
INFO: [ template_filter ] --END-- [ RunTime:0.000150s ]
NOTIC: [8] Undefined index: login_uid D:\XAMPP\htdocs\Zst\enroll_test\Application\Runtime\Cache\Home\6830cbac89ff06451c77cd8769d6d4ca.php 第 55 行.
INFO: Run Behavior\ParseTemplateBehavior [ RunTime:0.012878s ]
INFO: [ view_parse ] --END-- [ RunTime:0.013151s ]
INFO: [ view_filter ] --START--
INFO: Run Behavior\WriteHtmlCacheBehavior [ RunTime:0.002812s ]
INFO: [ view_filter ] --END-- [ RunTime:0.003024s ]
INFO: [ app_end ] --START--
INFO: Run Behavior\ShowPageTraceBehavior [ RunTime:0.003029s ]
INFO: [ app_end ] --END-- [ RunTime:0.003335s ]

[ 2017-03-24T14:59:20+08:00 ] 127.0.0.1 /enroll_test/User/login.html
INFO: [ app_init ] --START--
INFO: Run Behavior\BuildLiteBehavior [ RunTime:0.000038s ]
INFO: [ app_init ] --END-- [ RunTime:0.001232s ]
INFO: [ app_begin ] --START--
INFO: Run Behavior\ReadHtmlCacheBehavior [ RunTime:0.000489s ]
INFO: [ app_begin ] --END-- [ RunTime:0.000544s ]
NOTIC: [8] Undefined index: login_uid D:\XAMPP\htdocs\Zst\enroll_test\Application\Home\Controller\UserController.class.php 第 21 行.
INFO: [ view_parse ] --START--
INFO: [ template_filter ] --START--
INFO: Run Behavior\ContentReplaceBehavior [ RunTime:0.000070s ]
INFO: [ template_filter ] --END-- [ RunTime:0.000144s ]
NOTIC: [8] Undefined index: login_uid D:\XAMPP\htdocs\Zst\enroll_test\Application\Runtime\Cache\Home\5c9ee6d19cd41add49f97afe3aef0b25.php 第 55 行.
INFO: Run Behavior\ParseTemplateBehavior [ RunTime:0.007907s ]
INFO: [ view_parse ] --END-- [ RunTime:0.007969s ]
INFO: [ view_filter ] --START--
INFO: Run Behavior\WriteHtmlCacheBehavior [ RunTime:0.001368s ]
INFO: [ view_filter ] --END-- [ RunTime:0.001467s ]
INFO: [ app_end ] --START--
INFO: Run Behavior\ShowPageTraceBehavior [ RunTime:0.001308s ]
INFO: [ app_end ] --END-- [ RunTime:0.001381s ]

[ 2017-03-24T14:59:20+08:00 ] 127.0.0.1 /enroll_test/User/login.html
INFO: [ app_init ] --START--
INFO: Run Behavior\BuildLiteBehavior [ RunTime:0.000025s ]
INFO: [ app_init ] --END-- [ RunTime:0.000770s ]
INFO: [ app_begin ] --START--
INFO: Run Behavior\ReadHtmlCacheBehavior [ RunTime:0.001773s ]
INFO: [ app_begin ] --END-- [ RunTime:0.001974s ]
NOTIC: [8] Undefined index: login_uid D:\XAMPP\htdocs\Zst\enroll_test\Application\Home\Controller\UserController.class.php 第 21 行.
INFO: [ view_parse ] --START--
INFO: [ template_filter ] --START--
INFO: Run Behavior\ContentReplaceBehavior [ RunTime:0.000063s ]
INFO: [ template_filter ] --END-- [ RunTime:0.000113s ]
NOTIC: [8] Undefined index: login_uid D:\XAMPP\htdocs\Zst\enroll_test\Application\Runtime\Cache\Home\5c9ee6d19cd41add49f97afe3aef0b25.php 第 55 行.
INFO: Run Behavior\ParseTemplateBehavior [ RunTime:0.013853s ]
INFO: [ view_parse ] --END-- [ RunTime:0.013951s ]
INFO: [ view_filter ] --START--
INFO: Run Behavior\WriteHtmlCacheBehavior [ RunTime:0.000957s ]
INFO: [ view_filter ] --END-- [ RunTime:0.001020s ]
INFO: [ app_end ] --START--
INFO: Run Behavior\ShowPageTraceBehavior [ RunTime:0.001103s ]
INFO: [ app_end ] --END-- [ RunTime:0.001231s ]

[ 2017-03-24T14:59:24+08:00 ] 127.0.0.1 /enroll_test/index.php/User/login_check
INFO: [ app_init ] --START--
INFO: Run Behavior\BuildLiteBehavior [ RunTime:0.000012s ]
INFO: [ app_init ] --END-- [ RunTime:0.000379s ]
INFO: [ app_begin ] --START--
INFO: Run Behavior\ReadHtmlCacheBehavior [ RunTime:0.000577s ]
INFO: [ app_begin ] --END-- [ RunTime:0.000627s ]
NOTIC: [8192] mysql_connect(): The mysql extension is deprecated and will be removed in the future: use mysqli or PDO instead D:\XAMPP\htdocs\Zst\enroll_test\ThinkPHP\Library\Think\Db\Driver\Mysql.class.php 第 52 行.
SQL: SHOW COLUMNS FROM `registration` [ RunTime:0.023280s ]
SQL: SELECT `password` FROM `registration` WHERE ( username = 'bbbbbbb' ) LIMIT 1   [ RunTime:0.000282s ]
SQL: SELECT `power` FROM `registration` WHERE ( username = 'bbbbbbb' ) LIMIT 1   [ RunTime:0.000240s ]

[ 2017-03-24T14:59:24+08:00 ] 127.0.0.1 /enroll_test/index.php/Vote/index
INFO: [ app_init ] --START--
INFO: Run Behavior\BuildLiteBehavior [ RunTime:0.000039s ]
INFO: [ app_init ] --END-- [ RunTime:0.000935s ]
INFO: [ app_begin ] --START--
INFO: Run Behavior\ReadHtmlCacheBehavior [ RunTime:0.000557s ]
INFO: [ app_begin ] --END-- [ RunTime:0.000614s ]
NOTIC: [8192] mysql_connect(): The mysql extension is deprecated and will be removed in the future: use mysqli or PDO instead D:\XAMPP\htdocs\Zst\enroll_test\ThinkPHP\Library\Think\Db\Driver\Mysql.class.php 第 52 行.
SQL: SHOW COLUMNS FROM `common` [ RunTime:0.002245s ]
ERR: 1146:Table 'enroll_test.common' doesn't exist
 [ SQL语句 ] : SHOW COLUMNS FROM `common`
SQL: SHOW COLUMNS FROM `registration` [ RunTime:0.002325s ]
SQL: SELECT `power` FROM `registration` WHERE ( username = 'bbbbbbb' ) LIMIT 1   [ RunTime:0.000310s ]
NOTIC: [8] Use of undefined constant ture - assumed 'ture' D:\XAMPP\htdocs\Zst\enroll_test\Application\Home\Model\CommonModel.class.php 第 29 行.
SQL: SHOW COLUMNS FROM `project` [ RunTime:0.005309s ]
SQL: SELECT COUNT(*) AS tp_count FROM `project` WHERE ( type = 1 AND del = 0 ) LIMIT 1   [ RunTime:0.000364s ]
SQL: SELECT * FROM `project` WHERE ( type = 1 AND del = 0 ) ORDER BY dateline DESC LIMIT 0,15   [ RunTime:0.000394s ]
INFO: [ view_parse ] --START--
INFO: [ template_filter ] --START--
INFO: Run Behavior\ContentReplaceBehavior [ RunTime:0.000072s ]
INFO: [ template_filter ] --END-- [ RunTime:0.000121s ]
NOTIC: [8] Undefined variable: registerClass D:\XAMPP\htdocs\Zst\enroll_test\Application\Runtime\Cache\Home\9eb0be1c8543928b722255f5f5e17aa1.php 第 36 行.
NOTIC: [8] Undefined variable: researchClass D:\XAMPP\htdocs\Zst\enroll_test\Application\Runtime\Cache\Home\9eb0be1c8543928b722255f5f5e17aa1.php 第 39 行.
NOTIC: [8] Undefined variable: addClass D:\XAMPP\htdocs\Zst\enroll_test\Application\Runtime\Cache\Home\9eb0be1c8543928b722255f5f5e17aa1.php 第 64 行.
NOTIC: [8] Use of undefined constant id - assumed 'id' D:\XAMPP\htdocs\Zst\enroll_test\Application\Runtime\Cache\Home\9eb0be1c8543928b722255f5f5e17aa1.php 第 87 行.
NOTIC: [8] Use of undefined constant id - assumed 'id' D:\XAMPP\htdocs\Zst\enroll_test\Application\Runtime\Cache\Home\9eb0be1c8543928b722255f5f5e17aa1.php 第 87 行.
NOTIC: [8] Use of undefined constant id - assumed 'id' D:\XAMPP\htdocs\Zst\enroll_test\Application\Runtime\Cache\Home\9eb0be1c8543928b722255f5f5e17aa1.php 第 87 行.
NOTIC: [8] Use of undefined constant id - assumed 'id' D:\XAMPP\htdocs\Zst\enroll_test\Application\Runtime\Cache\Home\9eb0be1c8543928b722255f5f5e17aa1.php 第 87 行.
NOTIC: [8] Use of undefined constant id - assumed 'id' D:\XAMPP\htdocs\Zst\enroll_test\Application\Runtime\Cache\Home\9eb0be1c8543928b722255f5f5e17aa1.php 第 87 行.
NOTIC: [8] Use of undefined constant id - assumed 'id' D:\XAMPP\htdocs\Zst\enroll_test\Application\Runtime\Cache\Home\9eb0be1c8543928b722255f5f5e17aa1.php 第 87 行.
NOTIC: [8] Undefined variable: optionType D:\XAMPP\htdocs\Zst\enroll_test\Application\Runtime\Cache\Home\9eb0be1c8543928b722255f5f5e17aa1.php 第 139 行.
INFO: Run Behavior\ParseTemplateBehavior [ RunTime:0.010418s ]
INFO: [ view_parse ] --END-- [ RunTime:0.010462s ]
INFO: [ view_filter ] --START--
INFO: Run Behavior\WriteHtmlCacheBehavior [ RunTime:0.000360s ]
INFO: [ view_filter ] --END-- [ RunTime:0.000393s ]
INFO: [ app_end ] --START--
INFO: Run Behavior\ShowPageTraceBehavior [ RunTime:0.000662s ]
INFO: [ app_end ] --END-- [ RunTime:0.000720s ]

